    |\^/|     Maple 2021 (APPLE UNIVERSAL OSX)
._|\|   |/|_. Copyright (c) Maplesoft, a division of Waterloo Maple Inc. 2021
 \  MAPLE  /  All rights reserved. Maple is a trademark of
 <____ ____>  Waterloo Maple Inc.
      |       Type ? for help.
Warning, extra characters at end of parsed string
> kernelopts(printbytes=false, assertlevel=1):
> interface(echo=0, prettyprint=0):
Warning, (in SimpleSubstitutions) `alg_indep` is implicitly declared local
|imports/create_substitutions.mpl:22|
Warning, (in SubsByDepth) `alg_indep` is implicitly declared local
|imports/create_substitutions.mpl:53|
Warning, (in SubsByDepth) `original_et_hat` is implicitly declared local
|imports/create_substitutions.mpl:81|
Warning, (in SubsByDepth) `all_subs` is implicitly declared local
|imports/create_substitutions.mpl:82|
Warning, (in SubsByDepth) `names` is implicitly declared local
|imports/create_substitutions.mpl:83|
Warning, (in SubsByDepth) `selection` is implicitly declared local
|imports/create_substitutions.mpl:85|
Warning, (in SubsByDepth) `other` is implicitly declared local
|imports/create_substitutions.mpl:86|

=======================================================
0. Extracting states, inputs, outputs, and parameters from the system
=======================================================

=== Input info ===
State variables:          [SM(t), IOM(t), IGM(t), IOGM(t), SF(t), IOF(t), IGF(t), IOGF(t)]
Output variables:         [y1(t), y2(t), y3(t), y4(t)]
Input variables:          []
Parameters in equations:  [gammaGF, gammaGM, gammaOF, gammaOM, mu, nuGOF, nuGOM, nuOGF, nuOGM, betaGGFM, betaGGMF, betaGOFM, betaGOMF, betaOGFM, betaOGMF, betaOOFM, betaOOMF]
===================


=======================================================
1. Constructing the maximal polynomial system
=======================================================

=======================================================
2. Truncating the polynomial system based on the Jacobian condition
=======================================================

=======================================================
3. Assessing local identifiability
=======================================================
{}
Locally identifiable paramters:  [gammaGF, gammaGM, gammaOF, gammaOM, mu, nuGOF, nuGOM, nuOGF, nuOGM, betaGGFM, betaGGMF, betaGOFM, betaGOMF, betaOGFM, betaOGMF, betaOOFM, betaOOMF, SM(0), IOM(0), IGM(0), IOGM(0), SF(0), IOF(0), IGF(0), IOGF(0)]
Nonidentifiable parameter:  []
No algebraically independent parameters found.

=======================================================
4. Randomizing the truncated system
=======================================================
States for substitution:	[nuOGM = 1, IOF_ = 0, gammaOM = 1, SF_ = 1, betaGGFM = 1, IOGF_ = 0, betaOGMF = 1, mu = 1, betaOOMF = 1, gammaGM = 1, nuGOM = 1, betaGOFM = 1, IGF_ = 0, betaGOMF = 1, gammaGF = 1, IOM_ = 0, SM_ = 1, gammaOF = 1, betaOOFM = 1, IOGM_ = 0, nuOGF = 1, betaOGFM = 1, betaGGMF = 1, IGM_ = 0, nuGOF = 1]
NonID parameters:	[]
Substitutions:	[nuOGM = 2, IOF_ = 1, z_aux = 1, gammaOM = 2, SF_ = 2, betaGGFM = 2, IOGF_ = 1, betaOGMF = 2, mu = 2, betaOOMF = 2, gammaGM = 2, betaGOFM = 2, nuGOM = 2, IGF_ = 1, betaGOMF = 2, gammaGF = 2, IOM_ = 1, SM_ = 2, gammaOF = 2, betaOOFM = 2, IOGM_ = 1, nuOGF = 2, betaOGFM = 2, betaGGMF = 2, IGM_ = 1, nuGOF = 2]
memory used=2914.0MB, alloc=163.8MB, time=16.89
