    |\^/|     Maple 2021 (X86 64 LINUX)
._|\|   |/|_. Copyright (c) Maplesoft, a division of Waterloo Maple Inc. 2021
 \  MAPLE  /  All rights reserved. Maple is a trademark of
 <____ ____>  Waterloo Maple Inc.
      |       Type ? for help.
> kernelopts(printbytes=false, assertlevel=1):
> interface(echo=0, prettyprint=0):
Warning, (in GetPolySystem) `denom_` is implicitly declared local
|imports/generate_poly_system.mpl:326|
Warning, (in GetPolySystem) `denom_` is implicitly declared local
|imports/generate_poly_system.mpl:326|
Warning, (in GetPolySystem) `denom_` is implicitly declared local
|imports/generate_poly_system.mpl:326|
Warning, (in GetPolySystem) `denom_` is implicitly declared local
|imports/generate_poly_system.mpl:326|
known_data := [a1 = 1/2, a2 = 1/5, a3 = 1, c_1a = 1/2000000, c_5a = 1/10000, 
c_6a = 1/50000, c1 = 1/2000000, c2 = 0, c3 = 1/2500, c4 = 1/2, kv = 5, e_1a = 1
/2000, c_1c = 1/2000000, c_2c = 0, c_3c = 1/2500]

=======================================================
0. Extracting states, inputs, outputs, and parameters from the system
=======================================================

=== Input info ===
State variables:          [x1(t), x2(t), x3(t), x4(t), x5(t), x6(t), x7(t), x8(t), x9(t), x10(t), x11(t), x12(t), x13(t), x14(t), x15(t)]
Output variables:         [y1(t), y2(t), y3(t), y4(t), y6(t), y5(t)]
Input variables:          [u(t)]
Parameters in equations:  [c5, c_2a, c_3a, c_4a, e_2a, i1, i_1a, k1, k2, k3, k_deg, k_prod, t1, t2]
===================


=======================================================
1. Constructing the maximal polynomial system
=======================================================

=======================================================
2. Truncating the polynomial system based on the Jacobian condition
=======================================================
