    |\^/|     Maple 2021 (X86 64 LINUX)
._|\|   |/|_. Copyright (c) Maplesoft, a division of Waterloo Maple Inc. 2021
 \  MAPLE  /  All rights reserved. Maple is a trademark of
 <____ ____>  Waterloo Maple Inc.
      |       Type ? for help.
# bone model, reduced	
# eqs 9, 37 params,
# https://doi.org/10.1002/psp4.12324
# Hasegawa & Duffull, 
# plus 5 ICs

> kernelopts(printbytes=false, assertlevel=1):
> interface(echo=0, prettyprint=0):
Warning, (in GetPolySystem) `denom_` is implicitly declared local
|imports/generate_poly_system.mpl:324|
Warning, (in generate_graph_from_eqs) `new_verts` is implicitly declared local
|imports/generate_poly_system.mpl:490|
Warning, (in GetPolySystem) `denom_` is implicitly declared local
|imports/generate_poly_system.mpl:324|
Warning, (in generate_graph_from_eqs) `new_verts` is implicitly declared local
|imports/generate_poly_system.mpl:490|
Warning, (in GetPolySystem) `denom_` is implicitly declared local
|imports/generate_poly_system.mpl:324|
Warning, (in generate_graph_from_eqs) `new_verts` is implicitly declared local
|imports/generate_poly_system.mpl:490|
Warning, (in GetPolySystem) `denom_` is implicitly declared local
|imports/generate_poly_system.mpl:324|
Warning, (in generate_graph_from_eqs) `new_verts` is implicitly declared local
|imports/generate_poly_system.mpl:490|
Warning, (in WriteScripts) `weights` is implicitly declared local
|imports/create_substitutions.mpl:107|
Warning, (in WriteScripts) `max_degree` is implicitly declared local
|imports/create_substitutions.mpl:108|
Warning, (in WriteScripts) `new_weights` is implicitly declared local
|imports/create_substitutions.mpl:109|
Warning, (in WriteScripts) `each` is implicitly declared local
|imports/create_substitutions.mpl:109|
sigma := [diff(L1(t),t) = RL1+kOBL1*(FOB(t)+SOB(t))+kL2L1*L2(t)+kCMXL*CMX(t)-
dL1*L1(t), diff(L2(t),t) = RL2+kOBRankL*(FOB(t)+SOB(t))+kCMXL*CMX(t)-(dL2+1/3*(
-c*dRankl+kint)/(kSS+c))*L2(t), diff(CMX(t),t) = kL2CMX*L2(t)-kCMXL*CMX(t), 
diff(OC(t),t) = ROC-dOC*(rho1+(a1-rho1)*g1(t)/(DeltaGamma2+g1(t)))*(a2-(a2-rho2
)*g2(t)/(Delta2Gamma2+g2(t)))*OC(t), diff(TGF(t),t) = kOCTGF*OC(t)-dTGF*TGF(t),
diff(g1(t),t) = gamma1*(kOCTGF*OC(t)-dTGF*TGF(t))/TGD(t)*g1(t), diff(g2(t),t) =
gamma2*(kL2CMX*L2(t)-kCMXL*CMX(t))/CMX(t)*g2(t), diff(g3(t),t) = gamma3*(kOCTGF
*OC(t)-dTGF*TGF(t))/TGD(t)*g3(t), diff(ROB(t),t) = Rrob*(rho3+(a3-rho3)*g3(t)/(
Delta3Gamma3+g3(t)))-kROBOB*ROB(t), diff(FOB(t),t) = kROBOB*(1-f)*ROB(t)-dFOB*
FOB(t), diff(SOB(t),t) = kROBOB*f*ROB(t)-dSOB*SOB(t), y1(t) = OC(t), y2(t) = 
FOB(t), y3(t) = ROB(t), y4(t) = SOB(t)]

=======================================================
0. Extracting states, inputs, outputs, and parameters from the system
=======================================================

=== Input info ===
State variables:          [L1(t), L2(t), CMX(t), OC(t), TGF(t), g1(t), g2(t), g3(t), ROB(t), FOB(t), SOB(t)]
Output variables:         [y1(t), y2(t), y3(t), y4(t)]
Input variables:          [TGD(t)]
Parameters in equations:  [RL1, RL2, ROC, Rrob, a1, a2, a3, c, dFOB, dL1, dL2, dOC, dRankl, dSOB, dTGF, f, gamma1, gamma2, gamma3, kCMXL, kL2CMX, kL2L1, kOBL1, kOCTGF, kROBOB, kSS, kint, rho1, rho2, rho3, Delta2Gamma2, Delta3Gamma3, DeltaGamma2, kOBRankL]
===================


=======================================================
1. Constructing the maximal polynomial system
=======================================================
Interrupted
