    |\^/|     Maple 2021 (X86 64 LINUX)
._|\|   |/|_. Copyright (c) Maplesoft, a division of Waterloo Maple Inc. 2021
 \  MAPLE  /  All rights reserved. Maple is a trademark of
 <____ ____>  Waterloo Maple Inc.
      |       Type ? for help.
> kernelopts(printbytes=false, assertlevel=1):
> interface(echo=0, prettyprint=0):
Warning, (in GetPolySystem) `denom_` is implicitly declared local
|imports/generate_poly_system.mpl:326|
Warning, (in GetPolySystem) `denom_` is implicitly declared local
|imports/generate_poly_system.mpl:326|
Warning, (in GetPolySystem) `denom_` is implicitly declared local
|imports/generate_poly_system.mpl:326|
Warning, (in GetPolySystem) `denom_` is implicitly declared local
|imports/generate_poly_system.mpl:326|

=======================================================
0. Extracting states, inputs, outputs, and parameters from the system
=======================================================

=== Input info ===
State variables:          [S(t), E(t), In(t), N(t)]
Output variables:         [y1(t), y2(t)]
Input variables:          []
Parameters in equations:  [a, b, nu]
===================


=======================================================
1. Constructing the maximal polynomial system
=======================================================

=======================================================
2. Truncating the polynomial system based on the Jacobian condition
=======================================================

=======================================================
3. Assessing local identifiability
=======================================================

=======================================================
Creating Truncated system (old)
=======================================================
Locally identifiable paramters:  [a, b, nu, S(0), E(0), In(0), N(0)]
Nonidentifiable parameter:  []

=======================================================
4. Randomizing the truncated system
=======================================================
States for substitution:	[a = 1, E_ = 1, b = 2, nu = 1, S_ = 2, N_ = 0, In_ = 0]
NonID parameters:	[]
Substitutions:	[E_ = 2, b = 3, S_ = 3, N_ = 1, In_ = 1, z_aux = 2]

=======================================================
0. Extracting states, inputs, outputs, and parameters from the system
=======================================================

=== Input info ===
State variables:          [S(t), E(t), In(t), N(t)]
Output variables:         [y1(t), y2(t)]
Input variables:          []
Parameters in equations:  [a, b, nu]
===================


=======================================================
1. Constructing the maximal polynomial system
=======================================================

=======================================================
2. Truncating the polynomial system based on the Jacobian condition
=======================================================

=======================================================
3. Assessing local identifiability
=======================================================

=======================================================
Creating Truncated system (old)
=======================================================
Locally identifiable paramters:  [a, b, nu, S(0), E(0), In(0), N(0)]
Nonidentifiable parameter:  []

=======================================================
4. Randomizing the truncated system
=======================================================
States for substitution:	[a = 1, E_ = 1, b = 2, nu = 1, S_ = 2, N_ = 0, In_ = 0]
NonID parameters:	[]
Substitutions:	[E_ = 2, b = 3, S_ = 3, N_ = 1, In_ = 1, z_aux = 2]
memory used=132.4MB, alloc=108.3MB, time=1.48
