    |\^/|     Maple 2021 (APPLE UNIVERSAL OSX)
._|\|   |/|_. Copyright (c) Maplesoft, a division of Waterloo Maple Inc. 2021
 \  MAPLE  /  All rights reserved. Maple is a trademark of
 <____ ____>  Waterloo Maple Inc.
      |       Type ? for help.
Warning, extra characters at end of parsed string
# Ex 26 from  https://arxiv.org/abs/2006.14295
> kernelopts(printbytes=false, assertlevel=1):
> interface(echo=0, prettyprint=0):
Warning, (in SimpleSubstitutions) `alg_indep` is implicitly declared local
|imports/create_substitutions.mpl:22|
Warning, (in SubsByDepth) `alg_indep` is implicitly declared local
|imports/create_substitutions.mpl:53|
Warning, (in SubsByDepth) `original_et_hat` is implicitly declared local
|imports/create_substitutions.mpl:81|
Warning, (in SubsByDepth) `all_subs` is implicitly declared local
|imports/create_substitutions.mpl:82|
Warning, (in SubsByDepth) `names` is implicitly declared local
|imports/create_substitutions.mpl:83|
Warning, (in SubsByDepth) `selection` is implicitly declared local
|imports/create_substitutions.mpl:85|
Warning, (in SubsByDepth) `other` is implicitly declared local
|imports/create_substitutions.mpl:86|

=======================================================
0. Extracting states, inputs, outputs, and parameters from the system
=======================================================

=== Input info ===
State variables:          [S(t), In(t), R(t), A(t), Q(t), Jj(t), N(t)]
Output variables:         [y1(t), y2(t)]
Input variables:          []
Parameters in equations:  [b, d1, d2, d3, d4, d5, d6, eps_a, eps_j, eps_q, g1, g2, k1, k2, lam, mu1, mu2]
===================


=======================================================
1. Constructing the maximal polynomial system
=======================================================

=======================================================
2. Truncating the polynomial system based on the Jacobian condition
=======================================================

=======================================================
3. Assessing local identifiability
=======================================================
{A_0, In_0, N_0, R_0, d2, d3, d6}
Locally identifiable paramters:  [d1, d5, k2, Q(0), Jj(0)]
Nonidentifiable parameter:  [A(0), In(0), N(0), R(0), S(0), b, d2, d3, d4, d6, eps_a, eps_j, eps_q, g1, g2, k1, lam, mu1, mu2]
Algebraically independent parameters {d2, d3, d6, A(0), In(0), N(0), R(0)}

=======================================================
Substituting transcendence basis.
=======================================================
Algebraically independent parameters among nonidentifiable: {d2, d3, d6}
Algebraically independent parameters among derivatives: {A(0), In(0), N(0), R(0)}

=== Input info ===
State variables:          [d2(t), d3(t), d6(t), S(t), In(t), R(t), A(t), Q(t), Jj(t), N(t)]
Output variables:         [y1(t), y2(t), y_faux1(t), y_faux2(t), y_faux3(t)]
Input variables:          []
Parameters in equations:  [b, d1, d4, d5, eps_a, eps_j, eps_q, g1, g2, k1, k2, lam, mu1, mu2]
===================


=======================================================
4. Randomizing the truncated system
=======================================================
States for substitution:	[g1 = 2, k2 = 1, d5 = 1, k1 = 2, d6_ = 0, d1 = 3, mu1 = 1, lam = 2, d4 = 2, N_ = 3, In_ = 1, A_ = 1, eps_j = 2, g2 = 1, S_ = 2, b = 3, d2_ = 0, Q_ = 0, eps_q = 2, mu2 = 1, Jj_ = 0, d3_ = 0, eps_a = 2]
NonID parameters:	[A_0, In_0, N_0, R_0, S_0, b, d2, d3, d4, d6, eps_a, eps_j, eps_q, g1, g2, k1, lam, mu1, mu2]
Substitutions:	[k2 = 2, z_aux = 3, d5 = 2, d6_ = 1, d1 = 4, N_ = 4, In_ = 2, A_ = 2, S_ = 3, d2_ = 1, Q_ = 1, Jj_ = 1, d3_ = 1]
memory used=2376.8MB, alloc=187.8MB, time=11.13
