    |\^/|     Maple 2021 (X86 64 LINUX)
._|\|   |/|_. Copyright (c) Maplesoft, a division of Waterloo Maple Inc. 2021
 \  MAPLE  /  All rights reserved. Maple is a trademark of
 <____ ____>  Waterloo Maple Inc.
      |       Type ? for help.
# Ex 34 from  https://arxiv.org/abs/2006.14295
> kernelopts(printbytes=false, assertlevel=1):
> interface(echo=0, prettyprint=0):
Warning, (in GetPolySystem) `denom_` is implicitly declared local
|imports/generate_poly_system.mpl:324|
Warning, (in generate_graph_from_eqs) `new_verts` is implicitly declared local
|imports/generate_poly_system.mpl:490|
Warning, (in GetPolySystem) `denom_` is implicitly declared local
|imports/generate_poly_system.mpl:324|
Warning, (in generate_graph_from_eqs) `new_verts` is implicitly declared local
|imports/generate_poly_system.mpl:490|
Warning, (in GetPolySystem) `denom_` is implicitly declared local
|imports/generate_poly_system.mpl:324|
Warning, (in generate_graph_from_eqs) `new_verts` is implicitly declared local
|imports/generate_poly_system.mpl:490|
Warning, (in GetPolySystem) `denom_` is implicitly declared local
|imports/generate_poly_system.mpl:324|
Warning, (in generate_graph_from_eqs) `new_verts` is implicitly declared local
|imports/generate_poly_system.mpl:490|
Warning, (in WriteScripts) `weights` is implicitly declared local
|imports/create_substitutions.mpl:107|
Warning, (in WriteScripts) `max_degree` is implicitly declared local
|imports/create_substitutions.mpl:108|
Warning, (in WriteScripts) `new_weights` is implicitly declared local
|imports/create_substitutions.mpl:109|
Warning, (in WriteScripts) `each` is implicitly declared local
|imports/create_substitutions.mpl:109|

=======================================================
0. Extracting states, inputs, outputs, and parameters from the system
=======================================================

=== Input info ===
State variables:          [s(t), e(t), i(t), r(t)]
Output variables:         [y1(t)]
Input variables:          []
Parameters in equations:  [Lam, b, eps, g, mu, n, r0]
===================


=======================================================
1. Constructing the maximal polynomial system
=======================================================

=======================================================
2. Truncating the polynomial system based on the Jacobian condition
=======================================================

=======================================================
3. Assessing local identifiability
=======================================================

=======================================================
Creating Truncated system (old)
=======================================================
Locally identifiable paramters:  [eps, g, mu, e(0), i(0), r(0)]
Nonidentifiable parameter:  [Lam, b, n, r0, s(0)]

=======================================================
Substituting transcendence basis.
=======================================================
Algebraically independent parameters {Lam, b}
Number of possible combinations 66
Collection [Lam, r0] is not transcendence basis
Collection [Lam, s_0] is not transcendence basis
Collection [Lam, s_1] is not transcendence basis
Collection [Lam, s_2] is not transcendence basis
Collection [Lam, s_3] is not transcendence basis
Collection [Lam, s_4] is not transcendence basis
Collection [Lam, s_5] is not transcendence basis
Collection [Lam, s_6] is not transcendence basis
Collection [Lam, s_7] is not transcendence basis
Collection [r0, s_0] is not transcendence basis
Collection [r0, s_1] is not transcendence basis
Collection [r0, s_2] is not transcendence basis
Collection [r0, s_3] is not transcendence basis
Collection [r0, s_4] is not transcendence basis
Collection [r0, s_5] is not transcendence basis
Collection [r0, s_6] is not transcendence basis
Collection [r0, s_7] is not transcendence basis
Collection [s_0, s_1] is not transcendence basis
Collection [s_0, s_2] is not transcendence basis
Collection [s_0, s_3] is not transcendence basis
Collection [s_0, s_4] is not transcendence basis
Collection [s_0, s_5] is not transcendence basis
Collection [s_0, s_6] is not transcendence basis
Collection [s_0, s_7] is not transcendence basis
Collection [s_1, s_2] is not transcendence basis
Collection [s_1, s_3] is not transcendence basis
Collection [s_1, s_4] is not transcendence basis
Collection [s_1, s_5] is not transcendence basis
Collection [s_1, s_6] is not transcendence basis
Collection [s_1, s_7] is not transcendence basis
Collection [s_2, s_3] is not transcendence basis
Collection [s_2, s_4] is not transcendence basis
Collection [s_2, s_5] is not transcendence basis
Collection [s_2, s_6] is not transcendence basis
Collection [s_2, s_7] is not transcendence basis
Collection [s_3, s_4] is not transcendence basis
Collection [s_3, s_5] is not transcendence basis
Collection [s_3, s_6] is not transcendence basis
Collection [s_3, s_7] is not transcendence basis
Collection [s_4, s_5] is not transcendence basis
Collection [s_4, s_6] is not transcendence basis
Collection [s_4, s_7] is not transcendence basis
Collection [s_5, s_6] is not transcendence basis
Collection [s_5, s_7] is not transcendence basis
Collection [s_6, s_7] is not transcendence basis
Picked the best choice [b, n] based on heuristic:
Algebraically independent parameters among nonidentifiable: {b, n}
Algebraically independent parameters among derivatives: {}

=== Input info ===
State variables:          [b(t), n(t), s(t), e(t), i(t), r(t)]
Output variables:         [y1(t), y_faux1(t), y_faux2(t)]
Input variables:          []
Parameters in equations:  [Lam, eps, g, mu, r0]
===================

Transcendence basis substitution turned off.

=======================================================
4. Randomizing the truncated system
=======================================================
States for substitution:	[s_ = 2, g = 3, i_ = 0, r0 = 3, Lam = 3, r_ = 0, eps = 1, mu = 1, b_ = 0, e_ = 1, n_ = 0]
NonID parameters:	[Lam, b, n, r0, s_0]
Substitutions:	[s_ = 3, g = 4, i_ = 1, r_ = 1, z_aux = 3, b_ = 1, e_ = 2, n_ = 1]

=======================================================
0. Extracting states, inputs, outputs, and parameters from the system
=======================================================

=== Input info ===
State variables:          [s(t), e(t), i(t), r(t)]
Output variables:         [y1(t)]
Input variables:          []
Parameters in equations:  [Lam, b, eps, g, mu, n, r0]
===================


=======================================================
1. Constructing the maximal polynomial system
=======================================================

=======================================================
2. Truncating the polynomial system based on the Jacobian condition
=======================================================

=======================================================
3. Assessing local identifiability
=======================================================

=======================================================
Creating Truncated system (old)
=======================================================
Locally identifiable paramters:  [eps, g, mu, e(0), i(0), r(0)]
Nonidentifiable parameter:  [Lam, b, n, r0, s(0)]

=======================================================
4. Randomizing the truncated system
=======================================================
States for substitution:	[s_ = 2, g = 3, n = 2, i_ = 0, r0 = 3, Lam = 3, r_ = 0, b = 2, eps = 1, mu = 1, e_ = 1]
NonID parameters:	[Lam, b, n, r0, s_0]
Substitutions:	[s_ = 3, g = 4, i_ = 1, r_ = 1, z_aux = 3, e_ = 2]
memory used=1943.8MB, alloc=144.3MB, time=15.92
