    |\^/|     Maple 2021 (APPLE UNIVERSAL OSX)
._|\|   |/|_. Copyright (c) Maplesoft, a division of Waterloo Maple Inc. 2021
 \  MAPLE  /  All rights reserved. Maple is a trademark of
 <____ ____>  Waterloo Maple Inc.
      |       Type ? for help.
> kernelopts(printbytes=false, assertlevel=1):
> interface(echo=0, prettyprint=0):

=======================================================
0. Extracting states, inputs, outputs, and parameters from the system
=======================================================

=== Input info ===
State variables:          [S(t), In(t), R(t), AUX(t)]
Output variables:         [y1(t), y2(t)]
Input variables:          []
Parameters in equations:  [b, g]
===================


=======================================================
1. Constructing the maximal polynomial system
=======================================================

=======================================================
2. Truncating the polynomial system based on the Jacobian condition
=======================================================

=======================================================
3. Assessing local identifiability
=======================================================
{R_0}
Locally identifiable paramters:  [b, g, S(0), In(0), AUX(0)]
Nonidentifiable parameter:  [R(0)]
Algebraically independent parameters {R(0)}

=======================================================
Substituting transcendence basis.
=======================================================
Algebraically independent parameters among nonidentifiable: {}
Algebraically independent parameters among derivatives: {R(0)}

=== Input info ===
State variables:          [S(t), In(t), R(t), AUX(t)]
Output variables:         [y1(t), y2(t)]
Input variables:          []
Parameters in equations:  [b, g]
===================


=======================================================
4. Randomizing the truncated system
=======================================================
States for substitution:	[AUX_ = 0, b = 0, S_ = 1, g = 0, In_ = 0]
NonID parameters:	[R_0]
Substitutions:	[z_aux = 1, S_ = 2, In_ = 1]

=======================================================
0. Extracting states, inputs, outputs, and parameters from the system
=======================================================

=== Input info ===
State variables:          [S(t), In(t), R(t), AUX(t)]
Output variables:         [y1(t), y2(t)]
Input variables:          []
Parameters in equations:  [b, g]
===================


=======================================================
1. Constructing the maximal polynomial system
=======================================================

=======================================================
2. Truncating the polynomial system based on the Jacobian condition
=======================================================

=======================================================
3. Assessing local identifiability
=======================================================
Locally identifiable paramters:  [b, g, S(0), In(0), AUX(0)]
Nonidentifiable parameter:  [R(0)]
No algebraically independent parameters found.

=======================================================
4. Randomizing the truncated system
=======================================================
States for substitution:	[AUX_ = 0, b = 0, S_ = 1, g = 0, In_ = 0]
NonID parameters:	[R_0]
Substitutions:	[z_aux = 1, S_ = 2, In_ = 1]
memory used=45.6MB, alloc=47.3MB, time=0.34
