    |\^/|     Maple 2021 (X86 64 LINUX)
._|\|   |/|_. Copyright (c) Maplesoft, a division of Waterloo Maple Inc. 2021
 \  MAPLE  /  All rights reserved. Maple is a trademark of
 <____ ____>  Waterloo Maple Inc.
      |       Type ? for help.
> kernelopts(printbytes=false, assertlevel=1):
> interface(echo=0, prettyprint=0):
Warning, (in GetPolySystem) `denom_` is implicitly declared local
|imports/generate_poly_system.mpl:324|
Warning, (in generate_graph_from_eqs) `new_verts` is implicitly declared local
|imports/generate_poly_system.mpl:490|
Warning, (in GetPolySystem) `denom_` is implicitly declared local
|imports/generate_poly_system.mpl:324|
Warning, (in generate_graph_from_eqs) `new_verts` is implicitly declared local
|imports/generate_poly_system.mpl:490|
Warning, (in GetPolySystem) `denom_` is implicitly declared local
|imports/generate_poly_system.mpl:324|
Warning, (in generate_graph_from_eqs) `new_verts` is implicitly declared local
|imports/generate_poly_system.mpl:490|
Warning, (in GetPolySystem) `denom_` is implicitly declared local
|imports/generate_poly_system.mpl:324|
Warning, (in generate_graph_from_eqs) `new_verts` is implicitly declared local
|imports/generate_poly_system.mpl:490|
Warning, (in WriteScripts) `weights` is implicitly declared local
|imports/create_substitutions.mpl:107|
Warning, (in WriteScripts) `max_degree` is implicitly declared local
|imports/create_substitutions.mpl:108|
Warning, (in WriteScripts) `new_weights` is implicitly declared local
|imports/create_substitutions.mpl:109|
Warning, (in WriteScripts) `each` is implicitly declared local
|imports/create_substitutions.mpl:109|

=======================================================
0. Extracting states, inputs, outputs, and parameters from the system
=======================================================

=== Input info ===
State variables:          [x1(t), x2(t), x3(t), x4(t), x5(t)]
Output variables:         [y1(t), y2(t), y3(t)]
Input variables:          []
Parameters in equations:  [k2, k3, k4]
===================


=======================================================
1. Constructing the maximal polynomial system
=======================================================

=======================================================
2. Truncating the polynomial system based on the Jacobian condition
=======================================================

=======================================================
3. Assessing local identifiability
=======================================================

=======================================================
Creating Truncated system (old)
=======================================================
Locally identifiable paramters:  [k2, k3, k4, x1(0), x2(0), x3(0), x4(0), x5(0)]
Nonidentifiable parameter:  []

=======================================================
4. Randomizing the truncated system
=======================================================
States for substitution:	[k2 = 1, x2_ = 0, x4_ = 0, k4 = 1, x3_ = 0, k3 = 2, x1_ = 0, x5_ = 1]
NonID parameters:	[]
Substitutions:	[z_aux = 2, x2_ = 1, x3_ = 1, k3 = 3, x1_ = 1, x5_ = 2]

=======================================================
0. Extracting states, inputs, outputs, and parameters from the system
=======================================================

=== Input info ===
State variables:          [x1(t), x2(t), x3(t), x4(t), x5(t)]
Output variables:         [y1(t), y2(t), y3(t)]
Input variables:          []
Parameters in equations:  [k2, k3, k4]
===================


=======================================================
1. Constructing the maximal polynomial system
=======================================================

=======================================================
2. Truncating the polynomial system based on the Jacobian condition
=======================================================

=======================================================
3. Assessing local identifiability
=======================================================

=======================================================
Creating Truncated system (old)
=======================================================
Locally identifiable paramters:  [k2, k3, k4, x1(0), x2(0), x3(0), x4(0), x5(0)]
Nonidentifiable parameter:  []

=======================================================
4. Randomizing the truncated system
=======================================================
States for substitution:	[k2 = 1, x2_ = 0, x4_ = 0, k4 = 1, x3_ = 0, k3 = 2, x1_ = 0, x5_ = 1]
NonID parameters:	[]
Substitutions:	[z_aux = 2, x2_ = 1, x3_ = 1, k3 = 3, x1_ = 1, x5_ = 2]

=======================================================
0. Extracting states, inputs, outputs, and parameters from the system
=======================================================

=== Input info ===
State variables:          [x1(t), x2(t), x3(t), x4(t), x5(t)]
Output variables:         [y1(t), y2(t), y3(t)]
Input variables:          []
Parameters in equations:  [k2, k3, k4]
===================


=======================================================
1. Constructing the maximal polynomial system
=======================================================

=======================================================
2. Truncating the polynomial system based on the Jacobian condition
=======================================================

=======================================================
3. Assessing local identifiability
=======================================================

=======================================================
Creating Truncated system (old)
=======================================================
Locally identifiable paramters:  [k2, k3, k4, x1(0), x2(0), x3(0), x4(0), x5(0)]
Nonidentifiable parameter:  []

=======================================================
4. Randomizing the truncated system
=======================================================
States for substitution:	[k2 = 1, x2_ = 0, x4_ = 0, k4 = 1, x3_ = 0, k3 = 2, x1_ = 0, x5_ = 1]
NonID parameters:	[]
Substitutions:	[z_aux = 2, x2_ = 1, x3_ = 1, k3 = 3, x1_ = 1, x5_ = 2]
memory used=205.8MB, alloc=112.3MB, time=1.92
