    |\^/|     Maple 2021 (APPLE UNIVERSAL OSX)
._|\|   |/|_. Copyright (c) Maplesoft, a division of Waterloo Maple Inc. 2021
 \  MAPLE  /  All rights reserved. Maple is a trademark of
 <____ ____>  Waterloo Maple Inc.
      |       Type ? for help.
Warning, extra characters at end of parsed string
> kernelopts(printbytes=false, assertlevel=1):
> interface(echo=0, prettyprint=0):
Warning, (in SimpleSubstitutions) `alg_indep` is implicitly declared local
|imports/create_substitutions.mpl:22|
Warning, (in SubsByDepth) `alg_indep` is implicitly declared local
|imports/create_substitutions.mpl:53|
Warning, (in SubsByDepth) `original_et_hat` is implicitly declared local
|imports/create_substitutions.mpl:81|
Warning, (in SubsByDepth) `all_subs` is implicitly declared local
|imports/create_substitutions.mpl:82|
Warning, (in SubsByDepth) `names` is implicitly declared local
|imports/create_substitutions.mpl:83|
Warning, (in SubsByDepth) `selection` is implicitly declared local
|imports/create_substitutions.mpl:85|
Warning, (in SubsByDepth) `other` is implicitly declared local
|imports/create_substitutions.mpl:86|

=======================================================
0. Extracting states, inputs, outputs, and parameters from the system
=======================================================

=== Input info ===
State variables:          [S(t), In(t), Tr(t), N(t)]
Output variables:         [y1(t), y2(t)]
Input variables:          []
Parameters in equations:  [a, b, d, g, nu]
===================


=======================================================
1. Constructing the maximal polynomial system
=======================================================

=======================================================
2. Truncating the polynomial system based on the Jacobian condition
=======================================================

=======================================================
3. Assessing local identifiability
=======================================================
{In_0}
Locally identifiable paramters:  [nu, Tr(0), N(0)]
Nonidentifiable parameter:  [In(0), S(0), a, b, d, g]
Algebraically independent parameters {In(0)}

=======================================================
Substituting transcendence basis.
=======================================================
Algebraically independent parameters among nonidentifiable: {}
Algebraically independent parameters among derivatives: {In(0)}

=== Input info ===
State variables:          [S(t), In(t), Tr(t), N(t)]
Output variables:         [y1(t), y2(t)]
Input variables:          []
Parameters in equations:  [a, b, d, g, nu]
===================


=======================================================
4. Randomizing the truncated system
=======================================================
States for substitution:	[S_ = 2, g = 1, nu = 1, Tr_ = 0, In_ = 1, b = 2, N_ = 0, a = 2, d = 2]
NonID parameters:	[In_0, S_0, a, b, d, g]
Substitutions:	[S_ = 3, Tr_ = 1, In_ = 2, z_aux = 2, N_ = 1]

=======================================================
0. Extracting states, inputs, outputs, and parameters from the system
=======================================================

=== Input info ===
State variables:          [S(t), In(t), Tr(t), N(t)]
Output variables:         [y1(t), y2(t)]
Input variables:          []
Parameters in equations:  [a, b, d, g, nu]
===================


=======================================================
1. Constructing the maximal polynomial system
=======================================================

=======================================================
2. Truncating the polynomial system based on the Jacobian condition
=======================================================

=======================================================
3. Assessing local identifiability
=======================================================
Locally identifiable paramters:  [nu, Tr(0), N(0)]
Nonidentifiable parameter:  [In(0), S(0), a, b, d, g]
No algebraically independent parameters found.

=======================================================
4. Randomizing the truncated system
=======================================================
States for substitution:	[S_ = 2, g = 1, nu = 1, Tr_ = 0, In_ = 1, b = 2, N_ = 0, a = 2, d = 2]
NonID parameters:	[In_0, S_0, a, b, d, g]
Substitutions:	[S_ = 3, Tr_ = 1, In_ = 2, z_aux = 2, N_ = 1]
memory used=410.6MB, alloc=112.3MB, time=2.32
