    |\^/|     Maple 2021 (APPLE UNIVERSAL OSX)
._|\|   |/|_. Copyright (c) Maplesoft, a division of Waterloo Maple Inc. 2021
 \  MAPLE  /  All rights reserved. Maple is a trademark of
 <____ ____>  Waterloo Maple Inc.
      |       Type ? for help.
Warning, extra characters at end of parsed string
# baseline 492
> kernelopts(printbytes=false, assertlevel=1):
> interface(echo=0, prettyprint=0):
Warning, (in SimpleSubstitutions) `alg_indep` is implicitly declared local
|imports/create_substitutions.mpl:22|
Warning, (in SubsByDepth) `alg_indep` is implicitly declared local
|imports/create_substitutions.mpl:53|
Warning, (in SubsByDepth) `original_et_hat` is implicitly declared local
|imports/create_substitutions.mpl:81|
Warning, (in SubsByDepth) `all_subs` is implicitly declared local
|imports/create_substitutions.mpl:82|
Warning, (in SubsByDepth) `names` is implicitly declared local
|imports/create_substitutions.mpl:83|
Warning, (in SubsByDepth) `selection` is implicitly declared local
|imports/create_substitutions.mpl:85|
Warning, (in SubsByDepth) `other` is implicitly declared local
|imports/create_substitutions.mpl:86|

=======================================================
0. Extracting states, inputs, outputs, and parameters from the system
=======================================================

=== Input info ===
State variables:          [x4(t), x5(t), x6(t), x7(t)]
Output variables:         [y1(t), y2(t)]
Input variables:          []
Parameters in equations:  [k10, k5, k6, k7, k8, k9]
===================


=======================================================
1. Constructing the maximal polynomial system
=======================================================

=======================================================
2. Truncating the polynomial system based on the Jacobian condition
=======================================================

=======================================================
3. Assessing local identifiability
=======================================================
{x7_0}
Locally identifiable paramters:  [k10, k5, k6, k7, k8, k9, x4(0), x5(0), x6(0)]
Nonidentifiable parameter:  [x7(0)]
Algebraically independent parameters {x7(0)}

=======================================================
Substituting transcendence basis.
=======================================================
Algebraically independent parameters among nonidentifiable: {}
Algebraically independent parameters among derivatives: {x7(0)}

=== Input info ===
State variables:          [x4(t), x5(t), x6(t), x7(t)]
Output variables:         [y1(t), y2(t)]
Input variables:          []
Parameters in equations:  [k10, k5, k6, k7, k8, k9]
===================


=======================================================
4. Randomizing the truncated system
=======================================================
States for substitution:	[k5 = 1, x6_ = 1, x5_ = 0, k10 = 2, k6 = 1, x4_ = 0, k9 = 2, k7 = 1, k8 = 1]
NonID parameters:	[x7_0]
Substitutions:	[k5 = 2, x6_ = 2, x5_ = 1, k10 = 3, k6 = 2, x4_ = 1, k9 = 3, z_aux = 2, k7 = 2, k8 = 2]
memory used=379.9MB, alloc=112.3MB, time=2.34
