    |\^/|     Maple 2021 (X86 64 LINUX)
._|\|   |/|_. Copyright (c) Maplesoft, a division of Waterloo Maple Inc. 2021
 \  MAPLE  /  All rights reserved. Maple is a trademark of
 <____ ____>  Waterloo Maple Inc.
      |       Type ? for help.
# Ex 35 from  https://arxiv.org/abs/2006.14295
> kernelopts(printbytes=false, assertlevel=1):
> interface(echo=0, prettyprint=0):
Warning, (in GetPolySystem) `prep_cpu_start` is implicitly declared local
|imports/generate_poly_system.mpl:22|
Warning, (in GetPolySystem) `prep_real_start` is implicitly declared local
|imports/generate_poly_system.mpl:23|
Warning, (in GetPolySystem) `denom_` is implicitly declared local
|imports/generate_poly_system.mpl:326|
Warning, (in GetPolySystem) `roll` is implicitly declared local
|imports/generate_poly_system.mpl:419|
Warning, (in GetPolySystem) `alg_indep_hat` is implicitly declared local
|imports/generate_poly_system.mpl:420|
Warning, (in GetPolySystem) `prep_cpu_finish` is implicitly declared local
|imports/generate_poly_system.mpl:447|
Warning, (in GetPolySystem) `prep_real_finish` is implicitly declared local
|imports/generate_poly_system.mpl:448|
Warning, (in generate_graph_from_eqs) `new_verts` is implicitly declared local
|imports/generate_poly_system.mpl:519|
Warning, (in GetPolySystem) `prep_cpu_start` is implicitly declared local
|imports/generate_poly_system.mpl:22|
Warning, (in GetPolySystem) `prep_real_start` is implicitly declared local
|imports/generate_poly_system.mpl:23|
Warning, (in GetPolySystem) `denom_` is implicitly declared local
|imports/generate_poly_system.mpl:326|
Warning, (in GetPolySystem) `roll` is implicitly declared local
|imports/generate_poly_system.mpl:419|
Warning, (in GetPolySystem) `alg_indep_hat` is implicitly declared local
|imports/generate_poly_system.mpl:420|
Warning, (in GetPolySystem) `prep_cpu_finish` is implicitly declared local
|imports/generate_poly_system.mpl:447|
Warning, (in GetPolySystem) `prep_real_finish` is implicitly declared local
|imports/generate_poly_system.mpl:448|
Warning, (in generate_graph_from_eqs) `new_verts` is implicitly declared local
|imports/generate_poly_system.mpl:519|
Warning, (in GetPolySystem) `prep_cpu_start` is implicitly declared local
|imports/generate_poly_system.mpl:22|
Warning, (in GetPolySystem) `prep_real_start` is implicitly declared local
|imports/generate_poly_system.mpl:23|
Warning, (in GetPolySystem) `denom_` is implicitly declared local
|imports/generate_poly_system.mpl:326|
Warning, (in GetPolySystem) `roll` is implicitly declared local
|imports/generate_poly_system.mpl:419|
Warning, (in GetPolySystem) `alg_indep_hat` is implicitly declared local
|imports/generate_poly_system.mpl:420|
Warning, (in GetPolySystem) `prep_cpu_finish` is implicitly declared local
|imports/generate_poly_system.mpl:447|
Warning, (in GetPolySystem) `prep_real_finish` is implicitly declared local
|imports/generate_poly_system.mpl:448|
Warning, (in generate_graph_from_eqs) `new_verts` is implicitly declared local
|imports/generate_poly_system.mpl:519|
Warning, (in GetPolySystem) `prep_cpu_start` is implicitly declared local
|imports/generate_poly_system.mpl:22|
Warning, (in GetPolySystem) `prep_real_start` is implicitly declared local
|imports/generate_poly_system.mpl:23|
Warning, (in GetPolySystem) `denom_` is implicitly declared local
|imports/generate_poly_system.mpl:326|
Warning, (in GetPolySystem) `roll` is implicitly declared local
|imports/generate_poly_system.mpl:419|
Warning, (in GetPolySystem) `alg_indep_hat` is implicitly declared local
|imports/generate_poly_system.mpl:420|
Warning, (in GetPolySystem) `prep_cpu_finish` is implicitly declared local
|imports/generate_poly_system.mpl:447|
Warning, (in GetPolySystem) `prep_real_finish` is implicitly declared local
|imports/generate_poly_system.mpl:448|
Warning, (in generate_graph_from_eqs) `new_verts` is implicitly declared local
|imports/generate_poly_system.mpl:519|
Warning, (in SubsByDepth) `out` is implicitly declared local
|imports/create_substitutions.mpl:53|
Warning, (in SubsByDepth) `mem` is implicitly declared local
|imports/create_substitutions.mpl:53|
Warning, (in SubsByDepth) `cpu_time` is implicitly declared local
|imports/create_substitutions.mpl:53|
Warning, (in SubsByDepth) `real_time` is implicitly declared local
|imports/create_substitutions.mpl:53|
Warning, (in WriteScripts) `weights` is implicitly declared local
|imports/create_substitutions.mpl:111|
Warning, (in WriteScripts) `max_degree` is implicitly declared local
|imports/create_substitutions.mpl:112|
Warning, (in WriteScripts) `new_weights` is implicitly declared local
|imports/create_substitutions.mpl:113|
Warning, (in WriteScripts) `each` is implicitly declared local
|imports/create_substitutions.mpl:113|

=======================================================
0. Extracting states, inputs, outputs, and parameters from the system
=======================================================

=== Input info ===
State variables:          [S(t), LL(t), In(t), Q(t), R(t), N(t)]
Output variables:         [y1(t)]
Input variables:          []
Parameters in equations:  [alpha1, alpha2, b, dlt, eta, g, mu, theta1]
===================


=======================================================
1. Constructing the maximal polynomial system
=======================================================

=======================================================
2. Truncating the polynomial system based on the Jacobian condition
=======================================================

=======================================================
3. Assessing local identifiability
=======================================================

=======================================================
Creating Truncated system (old)
=======================================================
Locally identifiable paramters:  [alpha1, alpha2, b, dlt, eta, g, theta1, S(0), LL(0), In(0), Q(0)]
Nonidentifiable parameter:  [N(0), R(0), mu]

=======================================================
Substituting transcendence basis.
=======================================================
Algebraically independent parameters {N(0), R(0)}
Number of possible combinations 78
Collection [N_0, N_1] is not transcendence basis
Collection [N_0, N_10] is not transcendence basis
Collection [N_0, N_2] is not transcendence basis
Collection [N_0, N_3] is not transcendence basis
Collection [N_0, N_4] is not transcendence basis
Collection [N_0, N_5] is not transcendence basis
Collection [N_0, N_6] is not transcendence basis
Collection [N_0, N_7] is not transcendence basis
Collection [N_0, N_8] is not transcendence basis
Collection [N_0, N_9] is not transcendence basis
Collection [N_0, mu] is not transcendence basis
Collection [N_1, N_10] is not transcendence basis
Collection [N_1, N_2] is not transcendence basis
Collection [N_1, N_3] is not transcendence basis
Collection [N_1, N_4] is not transcendence basis
Collection [N_1, N_5] is not transcendence basis
Collection [N_1, N_6] is not transcendence basis
Collection [N_1, N_7] is not transcendence basis
Collection [N_1, N_8] is not transcendence basis
Collection [N_1, N_9] is not transcendence basis
Collection [N_1, R_0] is not transcendence basis
Collection [N_1, mu] is not transcendence basis
Collection [N_10, N_2] is not transcendence basis
Collection [N_10, N_3] is not transcendence basis
Collection [N_10, N_4] is not transcendence basis
Collection [N_10, N_5] is not transcendence basis
Collection [N_10, N_6] is not transcendence basis
Collection [N_10, N_7] is not transcendence basis
Collection [N_10, N_8] is not transcendence basis
Collection [N_10, N_9] is not transcendence basis
Collection [N_10, R_0] is not transcendence basis
Collection [N_10, mu] is not transcendence basis
Collection [N_2, N_3] is not transcendence basis
Collection [N_2, N_4] is not transcendence basis
