    |\^/|     Maple 2021 (X86 64 LINUX)
._|\|   |/|_. Copyright (c) Maplesoft, a division of Waterloo Maple Inc. 2021
 \  MAPLE  /  All rights reserved. Maple is a trademark of
 <____ ____>  Waterloo Maple Inc.
      |       Type ? for help.
# Ex 16 from  https://arxiv.org/abs/2006.14295
> kernelopts(printbytes=false, assertlevel=1):
> interface(echo=0, prettyprint=0):

=======================================================
0. Extracting states, inputs, outputs, and parameters from the system
=======================================================

=== Input info ===
State variables:          [s(t), e(t), i(t), r(t)]
Output variables:         [y1(t)]
Input variables:          []
Parameters in equations:  [b, d0, eps, mu, rho]
===================


=======================================================
1. Constructing the maximal polynomial system
=======================================================

=======================================================
2. Truncating the polynomial system based on the Jacobian condition
=======================================================

=======================================================
3. Assessing local identifiability
=======================================================
Locally identifiable paramters:  [b, d0, eps, mu, rho, s(0), e(0), i(0), r(0)]
Nonidentifiable parameter:  []

=======================================================
4. Randomizing the truncated system
=======================================================
States for substitution:	[s_ = 2, e_ = 1, i_ = 0, r_ = 0, mu = 1, d0 = 1, eps = 1, rho = 2, b = 2]
NonID parameters:	[]
Substitutions:	[z_aux = 2, s_ = 3, e_ = 2, i_ = 1, r_ = 1, rho = 3, b = 3]

=======================================================
0. Extracting states, inputs, outputs, and parameters from the system
=======================================================

=== Input info ===
State variables:          [s(t), e(t), i(t), r(t)]
Output variables:         [y1(t)]
Input variables:          []
Parameters in equations:  [b, d0, eps, mu, rho]
===================


=======================================================
1. Constructing the maximal polynomial system
=======================================================

=======================================================
2. Truncating the polynomial system based on the Jacobian condition
=======================================================

=======================================================
3. Assessing local identifiability
=======================================================
Locally identifiable paramters:  [b, d0, eps, mu, rho, s(0), e(0), i(0), r(0)]
Nonidentifiable parameter:  []

=======================================================
4. Randomizing the truncated system
=======================================================
States for substitution:	[s_ = 2, e_ = 1, i_ = 0, r_ = 0, mu = 1, d0 = 1, eps = 1, rho = 2, b = 2]
NonID parameters:	[]
Substitutions:	[z_aux = 2, s_ = 3, e_ = 2, i_ = 1, r_ = 1, rho = 3, b = 3]
memory used=190.9MB, alloc=121.9MB, time=1.81
