    |\^/|     Maple 2021 (APPLE UNIVERSAL OSX)
._|\|   |/|_. Copyright (c) Maplesoft, a division of Waterloo Maple Inc. 2021
 \  MAPLE  /  All rights reserved. Maple is a trademark of
 <____ ____>  Waterloo Maple Inc.
      |       Type ? for help.
Warning, extra characters at end of parsed string
> kernelopts(printbytes=false, assertlevel=1):
> interface(echo=0, prettyprint=0):
Warning, (in SimpleSubstitutions) `alg_indep` is implicitly declared local
|imports/create_substitutions.mpl:22|
Warning, (in SubsByDepth) `alg_indep` is implicitly declared local
|imports/create_substitutions.mpl:53|
Warning, (in SubsByDepth) `original_et_hat` is implicitly declared local
|imports/create_substitutions.mpl:81|
Warning, (in SubsByDepth) `all_subs` is implicitly declared local
|imports/create_substitutions.mpl:82|
Warning, (in SubsByDepth) `names` is implicitly declared local
|imports/create_substitutions.mpl:83|
Warning, (in SubsByDepth) `selection` is implicitly declared local
|imports/create_substitutions.mpl:85|
Warning, (in SubsByDepth) `other` is implicitly declared local
|imports/create_substitutions.mpl:86|

=======================================================
0. Extracting states, inputs, outputs, and parameters from the system
=======================================================

=== Input info ===
State variables:          [s(t), i(t), r(t), x1(t), x2(t)]
Output variables:         [y1(t), y2(t)]
Input variables:          []
Parameters in equations:  [M, b0, b1, g, mu, nu]
===================


=======================================================
1. Constructing the maximal polynomial system
=======================================================

=======================================================
2. Truncating the polynomial system based on the Jacobian condition
=======================================================

=======================================================
3. Assessing local identifiability
=======================================================
{b1}
Locally identifiable paramters:  [M, b0, g, mu, nu, s(0), i(0), r(0)]
Nonidentifiable parameter:  [b1, x1(0), x2(0)]
Algebraically independent parameters {b1}

=======================================================
Substituting transcendence basis.
=======================================================
Algebraically independent parameters among nonidentifiable: {b1}
Algebraically independent parameters among derivatives: {}

=== Input info ===
State variables:          [b1(t), s(t), i(t), r(t), x1(t), x2(t)]
Output variables:         [y1(t), y2(t), y_faux1(t)]
Input variables:          []
Parameters in equations:  [M, b0, g, mu, nu]
===================


=======================================================
4. Randomizing the truncated system
=======================================================
States for substitution:	[i_ = 0, M = 2, s_ = 1, x2_ = 2, x1_ = 1, r_ = 0, nu = 1, b1_ = 0, g = 1, mu = 1, b0 = 1]
NonID parameters:	[b1, x1_0, x2_0]
Substitutions:	[i_ = 1, M = 3, s_ = 2, x2_ = 3, x1_ = 2, z_aux = 2, r_ = 1, b1_ = 1]

=======================================================
0. Extracting states, inputs, outputs, and parameters from the system
=======================================================

=== Input info ===
State variables:          [s(t), i(t), r(t), x1(t), x2(t)]
Output variables:         [y1(t), y2(t)]
Input variables:          []
Parameters in equations:  [M, b0, b1, g, mu, nu]
===================


=======================================================
1. Constructing the maximal polynomial system
=======================================================

=======================================================
2. Truncating the polynomial system based on the Jacobian condition
=======================================================

=======================================================
3. Assessing local identifiability
=======================================================
Locally identifiable paramters:  [M, b0, g, mu, nu, s(0), i(0), r(0)]
Nonidentifiable parameter:  [b1, x1(0), x2(0)]
No algebraically independent parameters found.

=======================================================
4. Randomizing the truncated system
=======================================================
States for substitution:	[i_ = 0, M = 2, s_ = 1, x2_ = 2, x1_ = 1, r_ = 0, nu = 1, g = 1, b1 = 1, mu = 1, b0 = 1]
NonID parameters:	[b1, x1_0, x2_0]
Substitutions:	[i_ = 1, M = 3, s_ = 2, x2_ = 3, x1_ = 2, z_aux = 2, r_ = 1]
memory used=655.4MB, alloc=134.1MB, time=3.91
