    |\^/|     Maple 2021 (X86 64 LINUX)
._|\|   |/|_. Copyright (c) Maplesoft, a division of Waterloo Maple Inc. 2021
 \  MAPLE  /  All rights reserved. Maple is a trademark of
 <____ ____>  Waterloo Maple Inc.
      |       Type ? for help.
> kernelopts(printbytes=false, assertlevel=1):
> interface(echo=0, prettyprint=0):

=======================================================
0. Extracting states, inputs, outputs, and parameters from the system
=======================================================

=== Input info ===
State variables:          [SM(t), IOM(t), IGM(t), IOGM(t), SF(t), IOF(t), IGF(t), IOGF(t)]
Output variables:         [y1(t), y2(t), y3(t)]
Input variables:          []
Parameters in equations:  [gammaGF, gammaGM, gammaOF, gammaOM, mu, nuGOF, nuGOM, nuOGF, nuOGM, betaGGFM, betaGGMF, betaGOFM, betaGOMF, betaOGFM, betaOGMF, betaOOFM, betaOOMF]
===================


=======================================================
1. Constructing the maximal polynomial system
=======================================================

=======================================================
2. Truncating the polynomial system based on the Jacobian condition
=======================================================

=======================================================
3. Assessing local identifiability
=======================================================
Locally identifiable paramters:  [gammaGF, gammaGM, gammaOF, gammaOM, mu, nuGOF, nuGOM, nuOGF, nuOGM, betaGGFM, betaGGMF, betaGOFM, betaGOMF, betaOGFM, betaOGMF, betaOOFM, betaOOMF, SM(0), IOM(0), IGM(0), IOGM(0), SF(0), IOF(0), IGF(0), IOGF(0)]
Nonidentifiable parameter:  []

=======================================================
4. Randomizing the truncated system
=======================================================
States for substitution:	[betaGOFM = 1, nuGOM = 1, betaOGMF = 2, gammaGM = 1, IGF_ = 1, betaOOFM = 1, IOF_ = 1, gammaGF = 2, betaOOMF = 2, SF_ = 2, gammaOF = 2, betaGGMF = 2, IOGM_ = 0, mu = 1, IGM_ = 0, nuGOF = 2, betaGOMF = 2, nuOGF = 2, IOM_ = 0, betaGGFM = 1, gammaOM = 1, SM_ = 1, betaOGFM = 1, nuOGM = 1, IOGF_ = 1]
NonID parameters:	[]
Substitutions:	[betaOGMF = 3, IGF_ = 2, IOF_ = 2, gammaGF = 3, betaOOMF = 3, SF_ = 3, gammaOF = 3, betaGGMF = 3, IOGM_ = 1, IGM_ = 1, nuGOF = 3, betaGOMF = 3, nuOGF = 3, IOM_ = 1, z_aux = 2, SM_ = 2, IOGF_ = 2]

=======================================================
0. Extracting states, inputs, outputs, and parameters from the system
=======================================================

=== Input info ===
State variables:          [SM(t), IOM(t), IGM(t), IOGM(t), SF(t), IOF(t), IGF(t), IOGF(t)]
Output variables:         [y1(t), y2(t), y3(t)]
Input variables:          []
Parameters in equations:  [gammaGF, gammaGM, gammaOF, gammaOM, mu, nuGOF, nuGOM, nuOGF, nuOGM, betaGGFM, betaGGMF, betaGOFM, betaGOMF, betaOGFM, betaOGMF, betaOOFM, betaOOMF]
===================


=======================================================
1. Constructing the maximal polynomial system
=======================================================

=======================================================
2. Truncating the polynomial system based on the Jacobian condition
=======================================================

=======================================================
3. Assessing local identifiability
=======================================================
Locally identifiable paramters:  [gammaGF, gammaGM, gammaOF, gammaOM, mu, nuGOF, nuGOM, nuOGF, nuOGM, betaGGFM, betaGGMF, betaGOFM, betaGOMF, betaOGFM, betaOGMF, betaOOFM, betaOOMF, SM(0), IOM(0), IGM(0), IOGM(0), SF(0), IOF(0), IGF(0), IOGF(0)]
Nonidentifiable parameter:  []

=======================================================
4. Randomizing the truncated system
=======================================================
States for substitution:	[betaGOFM = 1, nuGOM = 1, betaOGMF = 2, gammaGM = 1, IGF_ = 1, betaOOFM = 1, IOF_ = 1, gammaGF = 2, betaOOMF = 2, SF_ = 2, gammaOF = 2, betaGGMF = 2, IOGM_ = 0, mu = 1, IGM_ = 0, nuGOF = 2, betaGOMF = 2, nuOGF = 2, IOM_ = 0, betaGGFM = 1, gammaOM = 1, SM_ = 1, betaOGFM = 1, nuOGM = 1, IOGF_ = 1]
NonID parameters:	[]
Substitutions:	[betaOGMF = 3, IGF_ = 2, IOF_ = 2, gammaGF = 3, betaOOMF = 3, SF_ = 3, gammaOF = 3, betaGGMF = 3, IOGM_ = 1, IGM_ = 1, nuGOF = 3, betaGOMF = 3, nuOGF = 3, IOM_ = 1, z_aux = 2, SM_ = 2, IOGF_ = 2]
memory used=14582.9MB, alloc=211.8MB, time=97.35
