    |\^/|     Maple 2021 (X86 64 LINUX)
._|\|   |/|_. Copyright (c) Maplesoft, a division of Waterloo Maple Inc. 2021
 \  MAPLE  /  All rights reserved. Maple is a trademark of
 <____ ____>  Waterloo Maple Inc.
      |       Type ? for help.
# bone model, full	# 28 eqs, 96 params
# https://doi.org/10.1016/j.bone.2009.08.053, Peterson & Riggs	
# paper is not open source; 2012 paper says it had 32 equations (included drug equations?)

> kernelopts(printbytes=false, assertlevel=1):
> interface(echo=0, prettyprint=0):
Warning, (in GetPolySystem) `denom_` is implicitly declared local
|imports/generate_poly_system.mpl:326|
Warning, (in GetPolySystem) `denom_` is implicitly declared local
|imports/generate_poly_system.mpl:326|
Warning, (in GetPolySystem) `denom_` is implicitly declared local
|imports/generate_poly_system.mpl:326|
Warning, (in GetPolySystem) `denom_` is implicitly declared local
|imports/generate_poly_system.mpl:326|
substitutions := [nu14 = (2*H14*A2(t)/(A1(t)+delta21)+k14)*A1(t), nu124 = k124*
(1-phi124)+k412*phi124*H18124*A24(t)*A180/((A240*A18(t))^gamma24124), nu412 = 
k412*A4(t)/A40*(1-phi412+phi412*(A17a(t)+A17b(t))/(A17a0+A17b0)), nu4u = (2-H64
)*(3/10*GFR*A4(t)-H4u*H74u), nu514 = 58/125*k412*A4(t)/A40*(1-phi412+phi412*(
A17a(t)+A17b(t))/(A17a0+A17b0)), nu145 = 58/125*k124*(1-phi124)+58/125*k412*
phi124*H18124*A24(t)*A180/((A240*A18(t))^gamma24124), nu5u = 22/25*GFR*A5(t)-22
/25*GFR*phi5u, nu35 = k35*A3(t), nu58 = k58*A5(t), nu85 = k85*A8(t), k17aD = (
k17D*(A17a0+A17b0)+(phi2*k7D*k17D*H2017minus/pi0c-H2817D)*phik17D*A17a0*phi17a-
(phi2*k7D*k17D*H2017minus/pi0c-H2817D)*phik17D*(A17a0+A17b0))/(A17a0+A17b0), 
k17Dprime = phi2*k7D*k17D*H2017minus/pi0c-H2817D, k22s = k22D*A220*((A17a(t)+
A17b(t))/(A17a0+A17b0))^gamma1722*alpha722*A7(t)/Vvasc/(delta722*((A17a(t)+A17b
(t))/(A17a0+A17b0))^gamma1722+A7(t)/Vvasc)]
gammas := [gamma1719S = 2, gamma1920 = 2, gamma181920 = 2, gamma1722 = 2, 
gamma2021 = 2, gamma24124 = 2]
Interrupted

=======================================================
0. Extracting states, inputs, outputs, and parameters from the system
=======================================================

=== Input info ===
State variables:          [A1(t), A2(t), A3(t), A4(t), A5(t), A6(t), A7(t), A8(t), A9(t), A10(t), A11(t), A12(t), A13(t), A14(t), A15(t), A16(t), A17a(t), A17b(t), A18(t), A19(t), A20(t), A21(t), A22(t), A23(t), A24(t), A25(t), A26(t), A27(t), A28(t)]
Output variables:         [y1(t), y2(t), y3(t), y4(t), y5(t), y6(t), y7(t), y8(t), y9(t), y10(t), y11(t), y12(t), y13(t), y14(t), y15(t), y16(t), y17a(t), y17b(t), y18(t), y19(t), y20(t), y21(t), y22(t), y23(t), y24(t), y25(t), y26(t), y27(t), y28(t)]
Input variables:          []
Parameters in equations:  [A160, A17a0, A17b0, A180, A190, A200, A210, A220, A230, A240, A40, D1, D3, F3, GFR, H14, H18124, H21plus, H2817D, H4u, H62plus, H64, H74u, H79, K17D, T64plus, Vvasc, alpha10, delta21, k11, k1213, k124, k1312, k14, k1415, k1514, k17D, k18D, k1920, k2124, k21D, k22D, k23D, k2421, k26D, k26s, k27s, k28D, k35, k412, k58, k6D, k7D, k85, k9D, k9s, phi124, phi17a, phi2, phi412, phi5u, phik17D, pi, pi0c, H2016plus, H2017minus, H2017plus, H2018Dplus, H2218Dminus, H2418Splus, H4107minus, H59minus, H611minus, H62minus, H726Dplus, H727splus, T64minus, alpha722, delta722, delta723]
===================


=======================================================
1. Constructing the maximal polynomial system
=======================================================
Interrupted

=======================================================
0. Extracting states, inputs, outputs, and parameters from the system
=======================================================

=== Input info ===
State variables:          [A1(t), A2(t), A3(t), A4(t), A5(t), A6(t), A7(t), A8(t), A9(t), A10(t), A11(t), A12(t), A13(t), A14(t), A15(t), A16(t), A17a(t), A17b(t), A18(t), A19(t), A20(t), A21(t), A22(t), A23(t), A24(t), A25(t), A26(t), A27(t), A28(t)]
Output variables:         [y1(t), y2(t), y3(t), y4(t), y5(t), y6(t), y7(t), y8(t), y9(t), y10(t), y11(t), y12(t), y13(t), y14(t), y15(t), y16(t), y17a(t), y17b(t), y18(t), y19(t), y20(t), y21(t), y22(t), y23(t), y24(t), y25(t), y26(t), y27(t), y28(t)]
Input variables:          []
Parameters in equations:  [A160, A17a0, A17b0, A180, A190, A200, A210, A220, A230, A240, A40, D1, D3, F3, GFR, H14, H18124, H21plus, H2817D, H4u, H62plus, H64, H74u, H79, K17D, T64plus, Vvasc, alpha10, delta21, k11, k1213, k124, k1312, k14, k1415, k1514, k17D, k18D, k1920, k2124, k21D, k22D, k23D, k2421, k26D, k26s, k27s, k28D, k35, k412, k58, k6D, k7D, k85, k9D, k9s, phi124, phi17a, phi2, phi412, phi5u, phik17D, pi, pi0c, H2016plus, H2017minus, H2017plus, H2018Dplus, H2218Dminus, H2418Splus, H4107minus, H59minus, H611minus, H62minus, H726Dplus, H727splus, T64minus, alpha722, delta722, delta723]
===================


=======================================================
1. Constructing the maximal polynomial system
=======================================================
Interrupted
memory used=111.5MB, alloc=112.3MB, time=1.48
