    |\^/|     Maple 2021 (APPLE UNIVERSAL OSX)
._|\|   |/|_. Copyright (c) Maplesoft, a division of Waterloo Maple Inc. 2021
 \  MAPLE  /  All rights reserved. Maple is a trademark of
 <____ ____>  Waterloo Maple Inc.
      |       Type ? for help.
Warning, extra characters at end of parsed string
# Ex 14 from  https://arxiv.org/abs/2006.14295
> kernelopts(printbytes=false, assertlevel=1):
> interface(echo=0, prettyprint=0):
Warning, (in SimpleSubstitutions) `alg_indep` is implicitly declared local
|imports/create_substitutions.mpl:22|
Warning, (in SubsByDepth) `alg_indep` is implicitly declared local
|imports/create_substitutions.mpl:53|
Warning, (in SubsByDepth) `original_et_hat` is implicitly declared local
|imports/create_substitutions.mpl:81|
Warning, (in SubsByDepth) `all_subs` is implicitly declared local
|imports/create_substitutions.mpl:82|
Warning, (in SubsByDepth) `names` is implicitly declared local
|imports/create_substitutions.mpl:83|
Warning, (in SubsByDepth) `selection` is implicitly declared local
|imports/create_substitutions.mpl:85|
Warning, (in SubsByDepth) `other` is implicitly declared local
|imports/create_substitutions.mpl:86|

=======================================================
0. Extracting states, inputs, outputs, and parameters from the system
=======================================================

=== Input info ===
State variables:          [s(t), e(t), i(t), q(t), r(t), d0(t), c(t)]
Output variables:         [y1(t)]
Input variables:          [k(t), l(t)]
Parameters in equations:  [a, b, dlt, g, mu, n, tau0]
===================


=======================================================
1. Constructing the maximal polynomial system
=======================================================

=======================================================
2. Truncating the polynomial system based on the Jacobian condition
=======================================================

=======================================================
3. Assessing local identifiability
=======================================================
{d0_0, q_0, r_0}
Locally identifiable paramters:  [a, b, dlt, g, mu, n, tau0, s(0), e(0), i(0), c(0)]
Nonidentifiable parameter:  [d0(0), q(0), r(0)]
Algebraically independent parameters {d0(0), q(0), r(0)}

=======================================================
Substituting transcendence basis.
=======================================================
Algebraically independent parameters among nonidentifiable: {}
Algebraically independent parameters among derivatives: {d0(0), q(0), r(0)}

=== Input info ===
State variables:          [s(t), e(t), i(t), q(t), r(t), d0(t), c(t)]
Output variables:         [y1(t)]
Input variables:          [k(t), l(t)]
Parameters in equations:  [a, b, dlt, g, mu, n, tau0]
===================


=======================================================
4. Randomizing the truncated system
=======================================================
States for substitution:	[s_ = 1, g = 3, mu = 1, dlt = 3, tau0 = 1, n = 2, a = 1, i_ = 2, b = 2, e_ = 3, c_ = 0]
NonID parameters:	[d0_0, q_0, r_0]
Substitutions:	[z_aux = 3, s_ = 2, g = 4, mu = 2, dlt = 4, tau0 = 2, n = 3, a = 2, i_ = 3, b = 3, e_ = 4, c_ = 1]
memory used=459.9MB, alloc=122.7MB, time=2.79
