    |\^/|     Maple 2021 (X86 64 LINUX)
._|\|   |/|_. Copyright (c) Maplesoft, a division of Waterloo Maple Inc. 2021
 \  MAPLE  /  All rights reserved. Maple is a trademark of
 <____ ____>  Waterloo Maple Inc.
      |       Type ? for help.
> kernelopts(printbytes=false, assertlevel=1):
> interface(echo=0, prettyprint=0):
Warning, (in GetPolySystem) `denom_` is implicitly declared local
|imports/generate_poly_system.mpl:326|
Warning, (in GetPolySystem) `denom_` is implicitly declared local
|imports/generate_poly_system.mpl:326|
Warning, (in GetPolySystem) `denom_` is implicitly declared local
|imports/generate_poly_system.mpl:326|
Warning, (in GetPolySystem) `denom_` is implicitly declared local
|imports/generate_poly_system.mpl:326|
sigma := [diff(x(t),t) = -x(t)*a+z(t)*y(t)+a*y(t), diff(w(t),t) = e*z(t)-w(t)*f
+x(t)*y(t), diff(z(t),t) = -c*z(t)-w(t)*d+x(t)*y(t), diff(y(t),t) = b*x(t)+b*y(
t)-x(t)*z(t), g(t) = x(t)]

=======================================================
0. Extracting states, inputs, outputs, and parameters from the system
=======================================================

=== Input info ===
State variables:          [x(t), w(t), z(t), y(t)]
Output variables:         [g(t)]
Input variables:          []
Parameters in equations:  [a, b, c, d, e, f]
===================


=======================================================
1. Constructing the maximal polynomial system
=======================================================

=======================================================
2. Truncating the polynomial system based on the Jacobian condition
=======================================================

=======================================================
3. Assessing local identifiability
=======================================================

=======================================================
Creating Truncated system (old)
=======================================================
Locally identifiable paramters:  [a, b, x(0), z(0), y(0)]
Nonidentifiable parameter:  [c, d, e, f, w(0)]

=======================================================
Substituting transcendence basis.
=======================================================
Algebraically independent parameters {c}
Number of possible combinations 12
Picked the best choice [c] based on heuristic:
Algebraically independent parameters among nonidentifiable: {c}
Algebraically independent parameters among derivatives: {}

=== Input info ===
State variables:          [c(t), x(t), w(t), z(t), y(t)]
Output variables:         [g(t), y_faux1(t)]
Input variables:          []
Parameters in equations:  [a, b, d, e, f]
===================

Transcendence basis substitution turned off.

=======================================================
4. Randomizing the truncated system
=======================================================
States for substitution:	[a = 1, b = 2, z_ = 1, y_ = 1, x_ = 0, w_ = 2, c_ = 0, d = 2, f = 3, e = 3]
NonID parameters:	[c, d, e, f, w_0]
Substitutions:	[z_ = 2, y_ = 2, x_ = 1, w_ = 3, z_aux = 3, c_ = 1]

=======================================================
0. Extracting states, inputs, outputs, and parameters from the system
=======================================================

=== Input info ===
State variables:          [x(t), w(t), z(t), y(t)]
Output variables:         [g(t)]
Input variables:          []
Parameters in equations:  [a, b, c, d, e, f]
===================


=======================================================
1. Constructing the maximal polynomial system
=======================================================

=======================================================
2. Truncating the polynomial system based on the Jacobian condition
=======================================================

=======================================================
3. Assessing local identifiability
=======================================================

=======================================================
Creating Truncated system (old)
=======================================================
Locally identifiable paramters:  [a, b, x(0), z(0), y(0)]
Nonidentifiable parameter:  [c, d, e, f, w(0)]

=======================================================
4. Randomizing the truncated system
=======================================================
States for substitution:	[a = 1, c = 2, b = 2, z_ = 1, y_ = 1, x_ = 0, w_ = 2, d = 2, f = 3, e = 3]
NonID parameters:	[c, d, e, f, w_0]
Substitutions:	[z_ = 2, y_ = 2, x_ = 1, w_ = 3, z_aux = 3]
memory used=412.0MB, alloc=118.2MB, time=4.75
