    |\^/|     Maple 2021 (APPLE UNIVERSAL OSX)
._|\|   |/|_. Copyright (c) Maplesoft, a division of Waterloo Maple Inc. 2021
 \  MAPLE  /  All rights reserved. Maple is a trademark of
 <____ ____>  Waterloo Maple Inc.
      |       Type ? for help.
Warning, extra characters at end of parsed string
> kernelopts(printbytes=false, assertlevel=1):
> interface(echo=0, prettyprint=0):
Warning, (in SimpleSubstitutions) `alg_indep` is implicitly declared local
|imports/create_substitutions.mpl:22|
Warning, (in SubsByDepth) `alg_indep` is implicitly declared local
|imports/create_substitutions.mpl:53|
Warning, (in SubsByDepth) `original_et_hat` is implicitly declared local
|imports/create_substitutions.mpl:81|
Warning, (in SubsByDepth) `all_subs` is implicitly declared local
|imports/create_substitutions.mpl:82|
Warning, (in SubsByDepth) `names` is implicitly declared local
|imports/create_substitutions.mpl:83|
Warning, (in SubsByDepth) `selection` is implicitly declared local
|imports/create_substitutions.mpl:85|
Warning, (in SubsByDepth) `other` is implicitly declared local
|imports/create_substitutions.mpl:86|

=======================================================
0. Extracting states, inputs, outputs, and parameters from the system
=======================================================

=== Input info ===
State variables:          [x1(t), x2(t), x3(t), x4(t)]
Output variables:         [y1(t)]
Input variables:          []
Parameters in equations:  [a1, b1, b2, ka, kc, n]
===================


=======================================================
1. Constructing the maximal polynomial system
=======================================================

=======================================================
2. Truncating the polynomial system based on the Jacobian condition
=======================================================

=======================================================
3. Assessing local identifiability
=======================================================
{}
Locally identifiable paramters:  [a1, b1, b2, ka, kc, n, x1(0), x2(0), x3(0), x4(0)]
Nonidentifiable parameter:  []
No algebraically independent parameters found.

=======================================================
4. Randomizing the truncated system
=======================================================
States for substitution:	[b2 = 3, ka = 1, x1_ = 0, x2_ = 1, a1 = 1, kc = 1, n = 1, x3_ = 1, x4_ = 2, b1 = 2]
NonID parameters:	[]
Substitutions:	[b2 = 4, z_aux = 3, ka = 2, x1_ = 1, x2_ = 2, a1 = 2, kc = 2, n = 2, x3_ = 2, x4_ = 3, b1 = 3]
memory used=664.0MB, alloc=112.3MB, time=3.89
