    |\^/|     Maple 2021 (X86 64 LINUX)
._|\|   |/|_. Copyright (c) Maplesoft, a division of Waterloo Maple Inc. 2021
 \  MAPLE  /  All rights reserved. Maple is a trademark of
 <____ ____>  Waterloo Maple Inc.
      |       Type ? for help.
> kernelopts(printbytes=false, assertlevel=1):
> interface(echo=0, prettyprint=0):
Warning, (in GetPolySystem) `denom_` is implicitly declared local
|imports/generate_poly_system.mpl:324|
Warning, (in generate_graph_from_eqs) `new_verts` is implicitly declared local
|imports/generate_poly_system.mpl:490|
Warning, (in GetPolySystem) `denom_` is implicitly declared local
|imports/generate_poly_system.mpl:324|
Warning, (in generate_graph_from_eqs) `new_verts` is implicitly declared local
|imports/generate_poly_system.mpl:490|
Warning, (in GetPolySystem) `denom_` is implicitly declared local
|imports/generate_poly_system.mpl:324|
Warning, (in generate_graph_from_eqs) `new_verts` is implicitly declared local
|imports/generate_poly_system.mpl:490|
Warning, (in GetPolySystem) `denom_` is implicitly declared local
|imports/generate_poly_system.mpl:324|
Warning, (in generate_graph_from_eqs) `new_verts` is implicitly declared local
|imports/generate_poly_system.mpl:490|
Warning, (in WriteScripts) `weights` is implicitly declared local
|imports/create_substitutions.mpl:107|
Warning, (in WriteScripts) `max_degree` is implicitly declared local
|imports/create_substitutions.mpl:108|
Warning, (in WriteScripts) `new_weights` is implicitly declared local
|imports/create_substitutions.mpl:109|
Warning, (in WriteScripts) `each` is implicitly declared local
|imports/create_substitutions.mpl:109|
sigma := [diff(E(t),t) = -alphaEIs*E(t)+betaIa*Ia(t)*S(t)*Ninv+Is(t)*S(t)*Ninv*
betaIs+betaT*S(t)*Ninv*T(t)+S(t)*Ninv*betaH*H(t)-E(t)*alphaEIa, diff(H(t),t) =
-alphaHT*H(t)+Ia(t)*xi+Is(t)*alphaIsH-alphaHRd*H(t), diff(Is(t),t) = alphaEIs*E
(t)+Ia(t)*alphaIaIs-Is(t)*alphaIsT-Is(t)*alphaIsD-Is(t)*alphaIsH-Is(t)*
alphaIsRu, diff(D(t),t) = Is(t)*alphaIsD+T(t)*alphaTD, diff(S(t),t) = -betaIa*
Ia(t)*S(t)*Ninv-Is(t)*S(t)*Ninv*betaIs-betaT*S(t)*Ninv*T(t)-S(t)*Ninv*betaH*H(t
), diff(Ia(t),t) = -Ia(t)*alphaIaRu-Ia(t)*xi-Ia(t)*alphaIaIs+E(t)*alphaEIa, 
diff(Rd(t),t) = alphaTRd*T(t)+alphaHRd*H(t), diff(T(t),t) = alphaHT*H(t)+Is(t)*
alphaIsT-alphaTRd*T(t)-T(t)*alphaTD, y4(t) = D(t), y2(t) = T(t), y3(t) = Rd(t),
y5(t) = Ninv, y1(t) = H(t)]

=======================================================
0. Extracting states, inputs, outputs, and parameters from the system
=======================================================

=== Input info ===
State variables:          [E(t), H(t), Is(t), D(t), S(t), Ia(t), Rd(t), T(t)]
Output variables:         [y4(t), y2(t), y3(t), y5(t), y1(t)]
Input variables:          []
Parameters in equations:  [Ninv, alphaHT, alphaTD, betaH, betaIa, betaIs, betaT, xi, alphaEIa, alphaEIs, alphaHRd, alphaIaIs, alphaIaRu, alphaIsD, alphaIsH, alphaIsRu, alphaIsT, alphaTRd]
===================


=======================================================
1. Constructing the maximal polynomial system
=======================================================

=======================================================
2. Truncating the polynomial system based on the Jacobian condition
=======================================================

=======================================================
3. Assessing local identifiability
=======================================================

=======================================================
Creating Truncated system (old)
=======================================================
Locally identifiable paramters:  [Ninv, alphaHT, alphaTD, betaH, betaT, alphaHRd, alphaTRd, H(0), D(0), Rd(0), T(0)]
Nonidentifiable parameter:  [E(0), Ia(0), Is(0), S(0), betaIa, betaIs, xi, alphaEIa, alphaEIs, alphaIaIs, alphaIaRu, alphaIsD, alphaIsH, alphaIsRu, alphaIsT]

=======================================================
Substituting transcendence basis.
=======================================================
Algebraically independent parameters {E(0), Ia(0)}
Number of possible combinations 1275
Collection [E_0, E_2] is not transcendence basis
Collection [E_0, E_4] is not transcendence basis
Collection [E_1, E_2] is not transcendence basis
Collection [E_1, S_6] is not transcendence basis
Collection [E_2, E_4] is not transcendence basis
Collection [E_2, E_7] is not transcendence basis
Collection [E_4, S_2] is not transcendence basis
Collection [E_5, E_1] is not transcendence basis
Collection [E_5, E_7] is not transcendence basis
Collection [E_5, S_6] is not transcendence basis
Collection [E_6, S_5] is not transcendence basis
Collection [E_8, S_1] is not transcendence basis
Collection [E_8, S_3] is not transcendence basis
Collection [E_9, E_6] is not transcendence basis
Collection [Ia_1, xi] is not transcendence basis
Collection [Ia_2, xi] is not transcendence basis
Collection [Ia_3, Ia_1] is not transcendence basis
Collection [Ia_6, Ia_3] is not transcendence basis
Collection [Ia_7, Ia_1] is not transcendence basis
Collection [Ia_7, betaIa] is not transcendence basis
Collection [Ia_9, Ia_6] is not transcendence basis
Collection [Ia_9, Ia_7] is not transcendence basis
Collection [Is_0, alphaIsH] is not transcendence basis
Collection [Is_1, Is_8] is not transcendence basis
Collection [Is_10, Is_6] is not transcendence basis
Collection [Is_10, Is_7] is not transcendence basis
Collection [Is_10, Is_8] is not transcendence basis
Collection [Is_2, alphaIsT] is not transcendence basis
Collection [Is_4, Is_7] is not transcendence basis
Collection [Is_6, Is_7] is not transcendence basis
Collection [Is_7, Is_0] is not transcendence basis
Collection [Is_7, Is_3] is not transcendence basis
Collection [Is_7, Is_9] is not transcendence basis
Collection [Is_8, Is_10] is not transcendence basis
Collection [Is_9, Is_8] is not transcendence basis
Collection [S_1, S_3] is not transcendence basis
Collection [S_2, E_0] is not transcendence basis
Collection [S_2, E_7] is not transcendence basis
Collection [S_2, S_8] is not transcendence basis
Collection [S_3, E_4] is not transcendence basis
Collection [S_3, S_0] is not transcendence basis
Collection [S_4, E_6] is not transcendence basis
Collection [S_4, S_1] is not transcendence basis
Collection [S_5, E_7] is not transcendence basis
Collection [S_8, E_7] is not transcendence basis
Collection [alphaIsD, Is_6] is not transcendence basis
Collection [alphaIsD, betaIs] is not transcendence basis
Collection [alphaIsH, Is_7] is not transcendence basis
Collection [alphaIsT, Is_2] is not transcendence basis
Collection [alphaIsT, Is_7] is not transcendence basis
Picked the best choice [betaIa, S_4] based on heuristic:
Algebraically independent parameters among nonidentifiable: {betaIa}
Algebraically independent parameters among derivatives: {S_4}

=== Input info ===
State variables:          [betaIa(t), E(t), H(t), Is(t), D(t), S(t), Ia(t), Rd(t), T(t)]
Output variables:         [y4(t), y2(t), y3(t), y5(t), y1(t), y_faux1(t)]
Input variables:          []
Parameters in equations:  [Ninv, alphaHT, alphaTD, betaH, betaIs, betaT, xi, alphaEIa, alphaEIs, alphaHRd, alphaIaIs, alphaIaRu, alphaIsD, alphaIsH, alphaIsRu, alphaIsT, alphaTRd]
===================


=======================================================
4. Randomizing the truncated system
=======================================================
States for substitution:	[Ninv = 0, T_ = 0, alphaEIs = 2, Rd_ = 0, alphaIsD = 1, alphaIaIs = 2, betaH = 3, S_ = 3, alphaIaRu = 2, D_ = 0, Ia_ = 1, alphaEIa = 2, alphaHT = 1, alphaHRd = 1, xi = 1, E_ = 2, alphaIsT = 1, alphaTRd = 1, alphaIsRu = 2, alphaTD = 1, betaIs = 3, alphaIsH = 1, Is_ = 1, H_ = 0, betaIa_ = 0, betaT = 3]
NonID parameters:	[E_0, Ia_0, Is_0, S_0, betaIa, betaIs, xi, alphaEIa, alphaEIs, alphaIaIs, alphaIaRu, alphaIsD, alphaIsH, alphaIsRu, alphaIsT]
Substitutions:	[T_ = 1, betaH = 4, S_ = 4, z_aux = 3, Ia_ = 2, E_ = 3, Is_ = 2, H_ = 1, betaIa_ = 1, betaT = 4]

=======================================================
0. Extracting states, inputs, outputs, and parameters from the system
=======================================================

=== Input info ===
State variables:          [E(t), H(t), Is(t), D(t), S(t), Ia(t), Rd(t), T(t)]
Output variables:         [y4(t), y2(t), y3(t), y5(t), y1(t)]
Input variables:          []
Parameters in equations:  [Ninv, alphaHT, alphaTD, betaH, betaIa, betaIs, betaT, xi, alphaEIa, alphaEIs, alphaHRd, alphaIaIs, alphaIaRu, alphaIsD, alphaIsH, alphaIsRu, alphaIsT, alphaTRd]
===================


=======================================================
1. Constructing the maximal polynomial system
=======================================================

=======================================================
2. Truncating the polynomial system based on the Jacobian condition
=======================================================

=======================================================
3. Assessing local identifiability
=======================================================

=======================================================
Creating Truncated system (old)
=======================================================
Locally identifiable paramters:  [Ninv, alphaHT, alphaTD, betaH, betaT, alphaHRd, alphaTRd, H(0), D(0), Rd(0), T(0)]
Nonidentifiable parameter:  [E(0), Ia(0), Is(0), S(0), betaIa, betaIs, xi, alphaEIa, alphaEIs, alphaIaIs, alphaIaRu, alphaIsD, alphaIsH, alphaIsRu, alphaIsT]

=======================================================
4. Randomizing the truncated system
=======================================================
States for substitution:	[Ninv = 0, T_ = 0, alphaEIs = 2, Rd_ = 0, alphaIsD = 1, alphaIaIs = 2, betaH = 3, S_ = 3, alphaIaRu = 2, D_ = 0, Ia_ = 1, alphaEIa = 2, alphaHT = 1, alphaHRd = 1, xi = 1, E_ = 2, alphaIsT = 1, betaIa = 3, alphaTRd = 1, alphaIsRu = 2, alphaTD = 1, betaIs = 3, alphaIsH = 1, Is_ = 1, H_ = 0, betaT = 3]
NonID parameters:	[E_0, Ia_0, Is_0, S_0, betaIa, betaIs, xi, alphaEIa, alphaEIs, alphaIaIs, alphaIaRu, alphaIsD, alphaIsH, alphaIsRu, alphaIsT]
Substitutions:	[T_ = 1, betaH = 4, S_ = 4, z_aux = 3, Ia_ = 2, E_ = 3, Is_ = 2, H_ = 1, betaT = 4]
memory used=27979.9MB, alloc=227.8MB, time=278.03
