    |\^/|     Maple 2021 (X86 64 LINUX)
._|\|   |/|_. Copyright (c) Maplesoft, a division of Waterloo Maple Inc. 2021
 \  MAPLE  /  All rights reserved. Maple is a trademark of
 <____ ____>  Waterloo Maple Inc.
      |       Type ? for help.
# Ex 37 from  https://arxiv.org/abs/2006.14295
> kernelopts(printbytes=false, assertlevel=1):
> interface(echo=0, prettyprint=0):

=======================================================
0. Extracting states, inputs, outputs, and parameters from the system
=======================================================

=== Input info ===
State variables:          [Sd(t), Sn(t), Ad(t), An(t), In(t), R(t)]
Output variables:         [y1(t), y2(t)]
Input variables:          []
Parameters in equations:  [b_a, b_i, dlt, eps_a, eps_s, f, g_ai, g_ir, h1, h2]
===================


=======================================================
1. Constructing the maximal polynomial system
=======================================================

=======================================================
2. Truncating the polynomial system based on the Jacobian condition
=======================================================

=======================================================
3. Assessing local identifiability
=======================================================
Locally identifiable paramters:  [b_a, b_i, eps_a, eps_s, f, g_ai, h1, h2, Sd(0), Sn(0), Ad(0), An(0), In(0)]
Nonidentifiable parameter:  [R(0), dlt, g_ir]

=======================================================
Substituting transcendence basis.
=======================================================
Algebraically independent parameters {dlt, R(0)}
Number of possible combinations 3

=======================================================
Creating Truncated system (old)
=======================================================
Collection [dlt, g_ir] is not transcendence basis
Picked the best choice [R_0, g_ir] based on heuristic:
Algebraically independent parameters among nonidentifiable: {g_ir}
Algebraically independent parameters among derivatives: {R(0)}

=== Input info ===
State variables:          [g_ir(t), Sd(t), Sn(t), Ad(t), An(t), In(t), R(t)]
Output variables:         [y1(t), y2(t), y_faux1(t)]
Input variables:          []
Parameters in equations:  [b_a, b_i, dlt, eps_a, eps_s, f, g_ai, h1, h2]
===================


=======================================================
4. Randomizing the truncated system
=======================================================
States for substitution:	[b_a = 1, b_i = 1, In_ = 0, An_ = 1, h1 = 1, eps_a = 1, Ad_ = 1, h2 = 1, dlt = 1, Sd_ = 0, f = 1, eps_s = 1, Sn_ = 1, g_ir_ = 0, g_ai = 1]
NonID parameters:	[R_0, dlt, g_ir]
Substitutions:	[z_aux = 1, b_a = 2, b_i = 2, In_ = 1, An_ = 2, h1 = 2, eps_a = 2, Ad_ = 2, h2 = 2, Sd_ = 1, f = 2, eps_s = 2, Sn_ = 2, g_ir_ = 1, g_ai = 2]

=======================================================
0. Extracting states, inputs, outputs, and parameters from the system
=======================================================

=== Input info ===
State variables:          [Sd(t), Sn(t), Ad(t), An(t), In(t), R(t)]
Output variables:         [y1(t), y2(t)]
Input variables:          []
Parameters in equations:  [b_a, b_i, dlt, eps_a, eps_s, f, g_ai, g_ir, h1, h2]
===================


=======================================================
1. Constructing the maximal polynomial system
=======================================================

=======================================================
2. Truncating the polynomial system based on the Jacobian condition
=======================================================

=======================================================
3. Assessing local identifiability
=======================================================
Locally identifiable paramters:  [b_a, b_i, eps_a, eps_s, f, g_ai, h1, h2, Sd(0), Sn(0), Ad(0), An(0), In(0)]
Nonidentifiable parameter:  [R(0), dlt, g_ir]

=======================================================
4. Randomizing the truncated system
=======================================================
States for substitution:	[b_a = 1, b_i = 1, In_ = 0, An_ = 1, h1 = 1, eps_a = 1, Ad_ = 1, h2 = 1, dlt = 1, g_ir = 1, Sd_ = 0, f = 1, eps_s = 1, Sn_ = 1, g_ai = 1]
NonID parameters:	[R_0, dlt, g_ir]
Substitutions:	[z_aux = 1, b_a = 2, b_i = 2, In_ = 1, An_ = 2, h1 = 2, eps_a = 2, Ad_ = 2, h2 = 2, Sd_ = 1, f = 2, eps_s = 2, Sn_ = 2, g_ai = 2]
memory used=1215.0MB, alloc=171.4MB, time=10.88
