    |\^/|     Maple 2021 (X86 64 LINUX)
._|\|   |/|_. Copyright (c) Maplesoft, a division of Waterloo Maple Inc. 2021
 \  MAPLE  /  All rights reserved. Maple is a trademark of
 <____ ____>  Waterloo Maple Inc.
      |       Type ? for help.

> kernelopts(printbytes=false, assertlevel=1):
> interface(echo=0, prettyprint=0):

=======================================================
0. Extracting states, inputs, outputs, and parameters from the system
=======================================================

=== Input info ===
State variables:          [x1(t), x2(t), x3(t), u0(t)]
Output variables:         [y(t), y2(t)]
Input variables:          []
Parameters in equations:  [p1, p3, p4, p6, p7]
===================


=======================================================
1. Constructing the maximal polynomial system
=======================================================

=======================================================
2. Truncating the polynomial system based on the Jacobian condition
=======================================================

=======================================================
3. Assessing local identifiability
=======================================================
Locally identifiable paramters:  [p1, p3, p4, p6, p7, x1(0), x2(0), x3(0), u0(0)]
Nonidentifiable parameter:  []

=======================================================
4. Randomizing the truncated system
=======================================================
States for substitution:	[x3_ = 2, x1_ = 0, p7 = 3, u0_ = 0, p3 = 2, p6 = 3, p4 = 2, x2_ = 1, p1 = 1]
NonID parameters:	[]
Substitutions:	[x3_ = 3, x1_ = 1, p7 = 4, u0_ = 1, z_aux = 3, p6 = 4, x2_ = 2]

=======================================================
0. Extracting states, inputs, outputs, and parameters from the system
=======================================================

=== Input info ===
State variables:          [x1(t), x2(t), x3(t), u0(t)]
Output variables:         [y(t), y2(t)]
Input variables:          []
Parameters in equations:  [p1, p3, p4, p6, p7]
===================


=======================================================
1. Constructing the maximal polynomial system
=======================================================

=======================================================
2. Truncating the polynomial system based on the Jacobian condition
=======================================================

=======================================================
3. Assessing local identifiability
=======================================================
Locally identifiable paramters:  [p1, p3, p4, p6, p7, x1(0), x2(0), x3(0), u0(0)]
Nonidentifiable parameter:  []

=======================================================
4. Randomizing the truncated system
=======================================================
States for substitution:	[x3_ = 2, x1_ = 0, p7 = 3, u0_ = 0, p3 = 2, p6 = 3, p4 = 2, x2_ = 1, p1 = 1]
NonID parameters:	[]
Substitutions:	[x3_ = 3, x1_ = 1, p7 = 4, u0_ = 1, z_aux = 3, p6 = 4, x2_ = 2]
memory used=145.2MB, alloc=84.6MB, time=1.38
