    |\^/|     Maple 2021 (APPLE UNIVERSAL OSX)
._|\|   |/|_. Copyright (c) Maplesoft, a division of Waterloo Maple Inc. 2021
 \  MAPLE  /  All rights reserved. Maple is a trademark of
 <____ ____>  Waterloo Maple Inc.
      |       Type ? for help.
Warning, extra characters at end of parsed string
# baseline 492
> kernelopts(printbytes=false, assertlevel=1):
> interface(echo=0, prettyprint=0):
Warning, (in SimpleSubstitutions) `alg_indep` is implicitly declared local
|imports/create_substitutions.mpl:22|
Warning, (in SubsByDepth) `alg_indep` is implicitly declared local
|imports/create_substitutions.mpl:53|
Warning, (in SubsByDepth) `original_et_hat` is implicitly declared local
|imports/create_substitutions.mpl:81|
Warning, (in SubsByDepth) `all_subs` is implicitly declared local
|imports/create_substitutions.mpl:82|
Warning, (in SubsByDepth) `names` is implicitly declared local
|imports/create_substitutions.mpl:83|
Warning, (in SubsByDepth) `selection` is implicitly declared local
|imports/create_substitutions.mpl:85|
Warning, (in SubsByDepth) `other` is implicitly declared local
|imports/create_substitutions.mpl:86|

=======================================================
0. Extracting states, inputs, outputs, and parameters from the system
=======================================================

=== Input info ===
State variables:          [s(t), i(t), w(t), r(t)]
Output variables:         [y1(t), y2(t)]
Input variables:          []
Parameters in equations:  [al, bi, bw, dz, g, k, mu]
===================


=======================================================
1. Constructing the maximal polynomial system
=======================================================

=======================================================
2. Truncating the polynomial system based on the Jacobian condition
=======================================================

=======================================================
3. Assessing local identifiability
=======================================================
{}
Locally identifiable paramters:  [al, bi, bw, dz, g, k, mu, s(0), i(0), w(0), r(0)]
Nonidentifiable parameter:  []
No algebraically independent parameters found.

=======================================================
4. Randomizing the truncated system
=======================================================
States for substitution:	[bi = 1, bw = 1, r_ = 0, g = 1, s_ = 0, al = 2, mu = 1, w_ = 1, i_ = 0, k = 0, dz = 2]
NonID parameters:	[]
Substitutions:	[z_aux = 2, r_ = 1, s_ = 1, al = 3, w_ = 2, i_ = 1, dz = 3]

=======================================================
0. Extracting states, inputs, outputs, and parameters from the system
=======================================================

=== Input info ===
State variables:          [s(t), i(t), w(t), r(t)]
Output variables:         [y1(t), y2(t)]
Input variables:          []
Parameters in equations:  [al, bi, bw, dz, g, k, mu]
===================


=======================================================
1. Constructing the maximal polynomial system
=======================================================

=======================================================
2. Truncating the polynomial system based on the Jacobian condition
=======================================================

=======================================================
3. Assessing local identifiability
=======================================================
Locally identifiable paramters:  [al, bi, bw, dz, g, k, mu, s(0), i(0), w(0), r(0)]
Nonidentifiable parameter:  []
No algebraically independent parameters found.

=======================================================
4. Randomizing the truncated system
=======================================================
States for substitution:	[bi = 1, bw = 1, r_ = 0, g = 1, s_ = 0, al = 2, mu = 1, w_ = 1, i_ = 0, k = 0, dz = 2]
NonID parameters:	[]
Substitutions:	[z_aux = 2, r_ = 1, s_ = 1, al = 3, w_ = 2, i_ = 1, dz = 3]
memory used=292.0MB, alloc=119.4MB, time=1.79
