    |\^/|     Maple 2021 (APPLE UNIVERSAL OSX)
._|\|   |/|_. Copyright (c) Maplesoft, a division of Waterloo Maple Inc. 2021
 \  MAPLE  /  All rights reserved. Maple is a trademark of
 <____ ____>  Waterloo Maple Inc.
      |       Type ? for help.
# Ex 24 from  https://arxiv.org/abs/2006.14295
> kernelopts(printbytes=false, assertlevel=1):
> interface(echo=0, prettyprint=0):

=======================================================
0. Extracting states, inputs, outputs, and parameters from the system
=======================================================

=== Input info ===
State variables:          [S(t), In(t), R(t)]
Output variables:         [y1(t)]
Input variables:          [sgm(t)]
Parameters in equations:  [Lam, c, g, mu, ph]
===================


=======================================================
1. Constructing the maximal polynomial system
=======================================================

=======================================================
2. Truncating the polynomial system based on the Jacobian condition
=======================================================

=======================================================
3. Assessing local identifiability
=======================================================
{R_0, c}
Locally identifiable paramters:  [Lam, g, mu, S(0), In(0)]
Nonidentifiable parameter:  [R(0), c, ph]
Algebraically independent parameters {c, R(0)}

=======================================================
Substituting transcendence basis.
=======================================================
Algebraically independent parameters among nonidentifiable: {c}
Algebraically independent parameters among derivatives: {R(0)}

=== Input info ===
State variables:          [c(t), S(t), In(t), R(t)]
Output variables:         [y1(t), y_faux1(t)]
Input variables:          [sgm(t)]
Parameters in equations:  [Lam, g, mu, ph]
===================


=======================================================
4. Randomizing the truncated system
=======================================================
States for substitution:	[mu = 1, c_ = 0, g = 1, ph = 1, In_ = 0, Lam = 2, S_ = 1, (NULL) = 1]
NonID parameters:	[R_0, c, ph]
Substitutions:	[z_aux = 2, c_ = 1, In_ = 1, Lam = 3, S_ = 2]

=======================================================
0. Extracting states, inputs, outputs, and parameters from the system
=======================================================

=== Input info ===
State variables:          [S(t), In(t), R(t)]
Output variables:         [y1(t)]
Input variables:          [sgm(t)]
Parameters in equations:  [Lam, c, g, mu, ph]
===================


=======================================================
1. Constructing the maximal polynomial system
=======================================================

=======================================================
2. Truncating the polynomial system based on the Jacobian condition
=======================================================

=======================================================
3. Assessing local identifiability
=======================================================
Locally identifiable paramters:  [Lam, g, mu, S(0), In(0)]
Nonidentifiable parameter:  [R(0), c, ph]
No algebraically independent parameters found.

=======================================================
4. Randomizing the truncated system
=======================================================
States for substitution:	[mu = 1, g = 1, ph = 1, c = 1, In_ = 0, Lam = 2, S_ = 1, (NULL) = 1]
NonID parameters:	[R_0, c, ph]
Substitutions:	[z_aux = 2, In_ = 1, Lam = 3, S_ = 2]
memory used=280.3MB, alloc=112.3MB, time=1.81
