    |\^/|     Maple 2021 (X86 64 LINUX)
._|\|   |/|_. Copyright (c) Maplesoft, a division of Waterloo Maple Inc. 2021
 \  MAPLE  /  All rights reserved. Maple is a trademark of
 <____ ____>  Waterloo Maple Inc.
      |       Type ? for help.

> kernelopts(printbytes=false, assertlevel=1):
> interface(echo=0, prettyprint=0):
Warning, (in GetPolySystem) `denom_` is implicitly declared local
|imports/generate_poly_system.mpl:324|
Warning, (in generate_graph_from_eqs) `new_verts` is implicitly declared local
|imports/generate_poly_system.mpl:490|
Warning, (in GetPolySystem) `denom_` is implicitly declared local
|imports/generate_poly_system.mpl:324|
Warning, (in generate_graph_from_eqs) `new_verts` is implicitly declared local
|imports/generate_poly_system.mpl:490|
Warning, (in GetPolySystem) `denom_` is implicitly declared local
|imports/generate_poly_system.mpl:324|
Warning, (in generate_graph_from_eqs) `new_verts` is implicitly declared local
|imports/generate_poly_system.mpl:490|
Warning, (in GetPolySystem) `denom_` is implicitly declared local
|imports/generate_poly_system.mpl:324|
Warning, (in generate_graph_from_eqs) `new_verts` is implicitly declared local
|imports/generate_poly_system.mpl:490|
Warning, (in WriteScripts) `weights` is implicitly declared local
|imports/create_substitutions.mpl:108|
Warning, (in WriteScripts) `max_degree` is implicitly declared local
|imports/create_substitutions.mpl:109|
Warning, (in WriteScripts) `new_weights` is implicitly declared local
|imports/create_substitutions.mpl:110|
Warning, (in WriteScripts) `each` is implicitly declared local
|imports/create_substitutions.mpl:110|

=======================================================
0. Extracting states, inputs, outputs, and parameters from the system
=======================================================

=== Input info ===
State variables:          [SM(t), IOM(t), IGM(t), IOGM(t), SF(t), IOF(t), IGF(t), IOGF(t)]
Output variables:         [y1(t), y2(t), y3(t)]
Input variables:          []
Parameters in equations:  [gammaGF, gammaGM, gammaOF, gammaOM, mu, nuGOF, nuGOM, nuOGF, nuOGM, betaGGFM, betaGGMF, betaGOFM, betaGOMF, betaOGFM, betaOGMF, betaOOFM, betaOOMF]
===================


=======================================================
1. Constructing the maximal polynomial system
=======================================================

=======================================================
2. Truncating the polynomial system based on the Jacobian condition
=======================================================

=======================================================
3. Assessing local identifiability
=======================================================

=======================================================
Creating Truncated system (old)
=======================================================
Locally identifiable paramters:  [gammaGF, gammaGM, gammaOF, gammaOM, mu, nuGOF, nuGOM, nuOGF, nuOGM, betaGGFM, betaGGMF, betaGOFM, betaGOMF, betaOGFM, betaOGMF, betaOOFM, betaOOMF, SM(0), IOM(0), IGM(0), IOGM(0), SF(0), IOF(0), IGF(0), IOGF(0)]
Nonidentifiable parameter:  []

=======================================================
4. Randomizing the truncated system
=======================================================
States for substitution:	[betaGGFM = 1, SM_ = 1, nuGOM = 1, betaOGFM = 1, IOM_ = 0, nuOGM = 1, betaGOFM = 1, gammaGF = 1, IGF_ = 0, betaOGMF = 1, gammaOM = 1, IOGF_ = 0, betaOOMF = 1, nuOGF = 1, SF_ = 1, betaGGMF = 1, gammaOF = 1, gammaGM = 1, betaOOFM = 1, IOF_ = 0, IGM_ = 0, nuGOF = 1, IOGM_ = 0, betaGOMF = 1, mu = 1]
NonID parameters:	[]
Substitutions:	[betaGGFM = 2, SM_ = 2, nuGOM = 2, betaOGFM = 2, IOM_ = 1, nuOGM = 2, betaGOFM = 2, gammaGF = 2, IGF_ = 1, betaOGMF = 2, gammaOM = 2, IOGF_ = 1, betaOOMF = 2, nuOGF = 2, SF_ = 2, betaGGMF = 2, gammaOF = 2, gammaGM = 2, betaOOFM = 2, IOF_ = 1, IGM_ = 1, nuGOF = 2, z_aux = 1, IOGM_ = 1, betaGOMF = 2, mu = 2]

=======================================================
0. Extracting states, inputs, outputs, and parameters from the system
=======================================================

=== Input info ===
State variables:          [SM(t), IOM(t), IGM(t), IOGM(t), SF(t), IOF(t), IGF(t), IOGF(t)]
Output variables:         [y1(t), y2(t), y3(t)]
Input variables:          []
Parameters in equations:  [gammaGF, gammaGM, gammaOF, gammaOM, mu, nuGOF, nuGOM, nuOGF, nuOGM, betaGGFM, betaGGMF, betaGOFM, betaGOMF, betaOGFM, betaOGMF, betaOOFM, betaOOMF]
===================


=======================================================
1. Constructing the maximal polynomial system
=======================================================

=======================================================
2. Truncating the polynomial system based on the Jacobian condition
=======================================================

=======================================================
3. Assessing local identifiability
=======================================================

=======================================================
Creating Truncated system (old)
=======================================================
Locally identifiable paramters:  [gammaGF, gammaGM, gammaOF, gammaOM, mu, nuGOF, nuGOM, nuOGF, nuOGM, betaGGFM, betaGGMF, betaGOFM, betaGOMF, betaOGFM, betaOGMF, betaOOFM, betaOOMF, SM(0), IOM(0), IGM(0), IOGM(0), SF(0), IOF(0), IGF(0), IOGF(0)]
Nonidentifiable parameter:  []

=======================================================
4. Randomizing the truncated system
=======================================================
States for substitution:	[betaGGFM = 1, SM_ = 1, nuGOM = 1, betaOGFM = 1, IOM_ = 0, nuOGM = 1, betaGOFM = 1, gammaGF = 1, IGF_ = 0, betaOGMF = 1, gammaOM = 1, IOGF_ = 0, betaOOMF = 1, nuOGF = 1, SF_ = 1, betaGGMF = 1, gammaOF = 1, gammaGM = 1, betaOOFM = 1, IOF_ = 0, IGM_ = 0, nuGOF = 1, IOGM_ = 0, betaGOMF = 1, mu = 1]
NonID parameters:	[]
Substitutions:	[betaGGFM = 2, SM_ = 2, nuGOM = 2, betaOGFM = 2, IOM_ = 1, nuOGM = 2, betaGOFM = 2, gammaGF = 2, IGF_ = 1, betaOGMF = 2, gammaOM = 2, IOGF_ = 1, betaOOMF = 2, nuOGF = 2, SF_ = 2, betaGGMF = 2, gammaOF = 2, gammaGM = 2, betaOOFM = 2, IOF_ = 1, IGM_ = 1, nuGOF = 2, z_aux = 1, IOGM_ = 1, betaGOMF = 2, mu = 2]
memory used=14924.7MB, alloc=179.8MB, time=102.13
