    |\^/|     Maple 2021 (APPLE UNIVERSAL OSX)
._|\|   |/|_. Copyright (c) Maplesoft, a division of Waterloo Maple Inc. 2021
 \  MAPLE  /  All rights reserved. Maple is a trademark of
 <____ ____>  Waterloo Maple Inc.
      |       Type ? for help.
Warning, extra characters at end of parsed string
> kernelopts(printbytes=false, assertlevel=1):
> interface(echo=0, prettyprint=0):
Warning, (in SimpleSubstitutions) `alg_indep` is implicitly declared local
|imports/create_substitutions.mpl:22|
Warning, (in SubsByDepth) `alg_indep` is implicitly declared local
|imports/create_substitutions.mpl:53|
Warning, (in SubsByDepth) `original_et_hat` is implicitly declared local
|imports/create_substitutions.mpl:81|
Warning, (in SubsByDepth) `all_subs` is implicitly declared local
|imports/create_substitutions.mpl:82|
Warning, (in SubsByDepth) `names` is implicitly declared local
|imports/create_substitutions.mpl:83|
Warning, (in SubsByDepth) `selection` is implicitly declared local
|imports/create_substitutions.mpl:85|
Warning, (in SubsByDepth) `other` is implicitly declared local
|imports/create_substitutions.mpl:86|

=======================================================
0. Extracting states, inputs, outputs, and parameters from the system
=======================================================

=== Input info ===
State variables:          [S(t), E(t), In(t), N(t), Cu(t)]
Output variables:         [y1(t), y2(t)]
Input variables:          []
Parameters in equations:  [a, b, nu]
===================


=======================================================
1. Constructing the maximal polynomial system
=======================================================

=======================================================
2. Truncating the polynomial system based on the Jacobian condition
=======================================================

=======================================================
3. Assessing local identifiability
=======================================================
{}
Locally identifiable paramters:  [a, b, nu, S(0), E(0), In(0), N(0), Cu(0)]
Nonidentifiable parameter:  []
No algebraically independent parameters found.

=======================================================
4. Randomizing the truncated system
=======================================================
States for substitution:	[In_ = 2, E_ = 1, nu = 1, Cu_ = 0, a = 3, b = 2, N_ = 0, S_ = 2]
NonID parameters:	[]
Substitutions:	[In_ = 3, z_aux = 3, E_ = 2, a = 4, N_ = 1, S_ = 3]

=======================================================
0. Extracting states, inputs, outputs, and parameters from the system
=======================================================

=== Input info ===
State variables:          [S(t), E(t), In(t), N(t), Cu(t)]
Output variables:         [y1(t), y2(t)]
Input variables:          []
Parameters in equations:  [a, b, nu]
===================


=======================================================
1. Constructing the maximal polynomial system
=======================================================

=======================================================
2. Truncating the polynomial system based on the Jacobian condition
=======================================================

=======================================================
3. Assessing local identifiability
=======================================================
Locally identifiable paramters:  [a, b, nu, S(0), E(0), In(0), N(0), Cu(0)]
Nonidentifiable parameter:  []
No algebraically independent parameters found.

=======================================================
4. Randomizing the truncated system
=======================================================
States for substitution:	[In_ = 2, E_ = 1, nu = 1, Cu_ = 0, a = 3, b = 2, N_ = 0, S_ = 2]
NonID parameters:	[]
Substitutions:	[In_ = 3, z_aux = 3, E_ = 2, a = 4, N_ = 1, S_ = 3]
memory used=273.4MB, alloc=116.3MB, time=1.54
