    |\^/|     Maple 2021 (X86 64 LINUX)
._|\|   |/|_. Copyright (c) Maplesoft, a division of Waterloo Maple Inc. 2021
 \  MAPLE  /  All rights reserved. Maple is a trademark of
 <____ ____>  Waterloo Maple Inc.
      |       Type ? for help.
> kernelopts(printbytes=false, assertlevel=1):
> interface(echo=0, prettyprint=0):
Warning, (in GetPolySystem) `denom_` is implicitly declared local
|imports/generate_poly_system.mpl:326|
Warning, (in GetPolySystem) `denom_` is implicitly declared local
|imports/generate_poly_system.mpl:326|
Warning, (in GetPolySystem) `denom_` is implicitly declared local
|imports/generate_poly_system.mpl:326|
Warning, (in GetPolySystem) `denom_` is implicitly declared local
|imports/generate_poly_system.mpl:326|

=======================================================
0. Extracting states, inputs, outputs, and parameters from the system
=======================================================

=== Input info ===
State variables:          [x1(t), x2(t)]
Output variables:         [y(t)]
Input variables:          []
Parameters in equations:  [a, b, c, d]
===================


=======================================================
1. Constructing the maximal polynomial system
=======================================================

=======================================================
2. Truncating the polynomial system based on the Jacobian condition
=======================================================

=======================================================
3. Assessing local identifiability
=======================================================

=======================================================
Creating Truncated system (old)
=======================================================
Locally identifiable paramters:  [a, c, d, x1(0)]
Nonidentifiable parameter:  [b, x2(0)]

=======================================================
Substituting transcendence basis.
=======================================================
Algebraically independent parameters {b}
Number of possible combinations 6
Picked the best choice [b] based on heuristic:
Algebraically independent parameters among nonidentifiable: {b}
Algebraically independent parameters among derivatives: {}

=== Input info ===
State variables:          [b(t), x1(t), x2(t)]
Output variables:         [y(t), y_faux1(t)]
Input variables:          []
Parameters in equations:  [a, c, d]
===================

Transcendence basis substitution turned off.

=======================================================
4. Randomizing the truncated system
=======================================================
States for substitution:	[d = 2, x2_ = 1, x1_ = 0, a = 1, b_ = 0, c = 2]
NonID parameters:	[b, x2_0]
Substitutions:	[d = 3, z_aux = 2, x2_ = 2, x1_ = 1, b_ = 1, c = 3]

=======================================================
0. Extracting states, inputs, outputs, and parameters from the system
=======================================================

=== Input info ===
State variables:          [x1(t), x2(t)]
Output variables:         [y(t)]
Input variables:          []
Parameters in equations:  [a, b, c, d]
===================


=======================================================
1. Constructing the maximal polynomial system
=======================================================

=======================================================
2. Truncating the polynomial system based on the Jacobian condition
=======================================================

=======================================================
3. Assessing local identifiability
=======================================================

=======================================================
Creating Truncated system (old)
=======================================================
Locally identifiable paramters:  [a, c, d, x1(0)]
Nonidentifiable parameter:  [b, x2(0)]

=======================================================
4. Randomizing the truncated system
=======================================================
States for substitution:	[d = 2, x2_ = 1, x1_ = 0, a = 1, c = 2, b = 1]
NonID parameters:	[b, x2_0]
Substitutions:	[d = 3, z_aux = 2, x2_ = 2, x1_ = 1, c = 3]
memory used=73.9MB, alloc=44.3MB, time=0.91
